{"/Users/kainingxin/NodeJsWorkplace/auction/src/test/auctionControllerSpec.ts":{"path":"/Users/kainingxin/NodeJsWorkplace/auction/src/test/auctionControllerSpec.ts","statementMap":{"0":{"start":{"line":2,"column":0},"end":{"line":2,"column":62}},"1":{"start":{"line":3,"column":18},"end":{"line":3,"column":43}},"2":{"start":{"line":4,"column":15},"end":{"line":4,"column":30}},"3":{"start":{"line":5,"column":17},"end":{"line":5,"column":36}},"4":{"start":{"line":6,"column":0},"end":{"line":28,"column":3}},"5":{"start":{"line":7,"column":4},"end":{"line":10,"column":7}},"6":{"start":{"line":8,"column":8},"end":{"line":8,"column":44}},"7":{"start":{"line":9,"column":8},"end":{"line":9,"column":46}},"8":{"start":{"line":11,"column":15},"end":{"line":11,"column":41}},"9":{"start":{"line":12,"column":4},"end":{"line":19,"column":7}},"10":{"start":{"line":13,"column":8},"end":{"line":18,"column":11}},"11":{"start":{"line":17,"column":12},"end":{"line":17,"column":53}},"12":{"start":{"line":20,"column":4},"end":{"line":27,"column":7}},"13":{"start":{"line":21,"column":8},"end":{"line":26,"column":11}},"14":{"start":{"line":25,"column":12},"end":{"line":25,"column":53}}},"fnMap":{"0":{"name":"(anonymous_0)","decl":{"start":{"line":6,"column":35},"end":{"line":6,"column":36}},"loc":{"start":{"line":6,"column":47},"end":{"line":28,"column":1}},"line":6},"1":{"name":"(anonymous_1)","decl":{"start":{"line":7,"column":11},"end":{"line":7,"column":12}},"loc":{"start":{"line":7,"column":29},"end":{"line":10,"column":5}},"line":7},"2":{"name":"(anonymous_2)","decl":{"start":{"line":12,"column":49},"end":{"line":12,"column":50}},"loc":{"start":{"line":12,"column":61},"end":{"line":19,"column":5}},"line":12},"3":{"name":"(anonymous_3)","decl":{"start":{"line":16,"column":16},"end":{"line":16,"column":17}},"loc":{"start":{"line":16,"column":23},"end":{"line":18,"column":9}},"line":16},"4":{"name":"(anonymous_4)","decl":{"start":{"line":20,"column":49},"end":{"line":20,"column":50}},"loc":{"start":{"line":20,"column":61},"end":{"line":27,"column":5}},"line":20},"5":{"name":"(anonymous_5)","decl":{"start":{"line":24,"column":16},"end":{"line":24,"column":17}},"loc":{"start":{"line":24,"column":23},"end":{"line":26,"column":9}},"line":24}},"branchMap":{},"s":{"0":1,"1":1,"2":1,"3":1,"4":1,"5":1,"6":1,"7":1,"8":1,"9":1,"10":1,"11":1,"12":1,"13":1,"14":1},"f":{"0":1,"1":1,"2":1,"3":1,"4":1,"5":1},"b":{},"inputSourceMap":{"version":3,"file":"/Users/kainingxin/NodeJsWorkplace/auction/src/test/auctionControllerSpec.ts","sources":["/Users/kainingxin/NodeJsWorkplace/auction/src/test/auctionControllerSpec.ts"],"names":[],"mappings":";;AAAA,4CAAmD;AACnD,+BAA8B;AAG9B,qCAA2C;AAE3C,QAAQ,CAAC,wBAAwB,EAAG,KAAK,IAAI,EAAE;IAC3C,MAAM,CAAC,KAAK;QACR,MAAM,IAAA,sBAAY,GAAE,CAAA;QACpB,MAAM,IAAA,wBAAe,GAAE,CAAA;IAC3B,CAAC,CAAC,CAAA;IAEF,MAAM,EAAE,GAAG,0BAA0B,CAAC;IAGtC,EAAE,CAAC,wCAAwC,EAAC,KAAK,IAAG,EAAE;QAClD,MAAM,aAAG,CAAC,MAAM,CAAC;YACb,MAAM,EAAE,KAAK;YACb,GAAG,EAAE,cAAc;SACtB,CAAC,CAAC,IAAI,CAAC,GAAG,CAAC,EAAE;YACV,aAAM,CAAC,KAAK,CAAC,GAAG,CAAC,UAAU,EAAC,GAAG,CAAC,CAAA;QACpC,CAAC,CAAC,CAAA;IACN,CAAC,CAAC,CAAA;IAEF,EAAE,CAAC,wCAAwC,EAAC,KAAK,IAAG,EAAE;QAClD,MAAM,aAAG,CAAC,MAAM,CAAC;YACb,MAAM,EAAE,KAAK;YACb,GAAG,EAAE,gBAAgB,EAAE,EAAE;SAC5B,CAAC,CAAC,IAAI,CAAC,GAAG,CAAC,EAAE;YACV,aAAM,CAAC,KAAK,CAAC,GAAG,CAAC,UAAU,EAAC,GAAG,CAAC,CAAA;QACpC,CAAC,CAAC,CAAA;IACN,CAAC,CAAC,CAAA;AAEN,CAAC,CAAC,CAAA","sourcesContent":["import { app, startFastify } from \"../lib/fastify\";\nimport { assert } from \"chai\";\nimport { Good } from \"../models/good\";\nimport { Schema } from \"mongoose\";\nimport { dataBaseConnect } from \"./helper\";\n\ndescribe(\"test auctionController\",  async () => {\n    before(async function(){\n        await startFastify()\n        await dataBaseConnect()\n    })\n\n    const id = \"622cc7332b19ff745c9d36bc\";\n\n\n    it(\"when findAllAuctions should return 200\",async ()=>{\n        await app.inject({\n            method: 'GET',\n            url: `/v1/auctions`\n        }).then(rep => {\n            assert.equal(rep.statusCode,200)\n        })\n    })\n     \n    it(\"when findAuctionById should return 200\",async ()=>{\n        await app.inject({\n            method: 'GET',\n            url: `/v1/auctions/${id}`\n        }).then(rep => {\n            assert.equal(rep.statusCode,200)\n        })\n    })\n\n})\n"]},"_coverageSchema":"1a1c01bbd47fc00a2c39e90264f33305004495a9","hash":"50f9ac8a24f3e8196609621efb67f5d727ed7046","contentHash":"375a879a3d6135438b3ee3d4c1f842feaed9ce4273da03191887511f2474fa57"},"/Users/kainingxin/NodeJsWorkplace/auction/src/lib/fastify.ts":{"path":"/Users/kainingxin/NodeJsWorkplace/auction/src/lib/fastify.ts","statementMap":{"0":{"start":{"line":2,"column":22},"end":{"line":8,"column":3}},"1":{"start":{"line":3,"column":4},"end":{"line":3,"column":33}},"2":{"start":{"line":3,"column":26},"end":{"line":3,"column":33}},"3":{"start":{"line":4,"column":4},"end":{"line":4,"column":89}},"4":{"start":{"line":4,"column":71},"end":{"line":4,"column":83}},"5":{"start":{"line":6,"column":4},"end":{"line":6,"column":33}},"6":{"start":{"line":6,"column":26},"end":{"line":6,"column":33}},"7":{"start":{"line":7,"column":4},"end":{"line":7,"column":17}},"8":{"start":{"line":9,"column":25},"end":{"line":13,"column":2}},"9":{"start":{"line":10,"column":4},"end":{"line":10,"column":72}},"10":{"start":{"line":12,"column":4},"end":{"line":12,"column":21}},"11":{"start":{"line":14,"column":19},"end":{"line":20,"column":1}},"12":{"start":{"line":15,"column":4},"end":{"line":15,"column":42}},"13":{"start":{"line":15,"column":31},"end":{"line":15,"column":42}},"14":{"start":{"line":16,"column":17},"end":{"line":16,"column":19}},"15":{"start":{"line":17,"column":4},"end":{"line":17,"column":141}},"16":{"start":{"line":17,"column":21},"end":{"line":17,"column":141}},"17":{"start":{"line":17,"column":40},"end":{"line":17,"column":141}},"18":{"start":{"line":17,"column":109},"end":{"line":17,"column":141}},"19":{"start":{"line":18,"column":4},"end":{"line":18,"column":36}},"20":{"start":{"line":19,"column":4},"end":{"line":19,"column":18}},"21":{"start":{"line":21,"column":22},"end":{"line":23,"column":1}},"22":{"start":{"line":22,"column":4},"end":{"line":22,"column":62}},"23":{"start":{"line":24,"column":0},"end":{"line":24,"column":62}},"24":{"start":{"line":25,"column":0},"end":{"line":25,"column":44}},"25":{"start":{"line":26,"column":16},"end":{"line":26,"column":48}},"26":{"start":{"line":27,"column":11},"end":{"line":27,"column":38}},"27":{"start":{"line":28,"column":22},"end":{"line":28,"column":61}},"28":{"start":{"line":29,"column":25},"end":{"line":29,"column":67}},"29":{"start":{"line":30,"column":21},"end":{"line":30,"column":69}},"30":{"start":{"line":31,"column":23},"end":{"line":31,"column":73}},"31":{"start":{"line":32,"column":24},"end":{"line":32,"column":75}},"32":{"start":{"line":33,"column":26},"end":{"line":33,"column":69}},"33":{"start":{"line":34,"column":18},"end":{"line":34,"column":38}},"34":{"start":{"line":35,"column":17},"end":{"line":35,"column":51}},"35":{"start":{"line":36,"column":37},"end":{"line":36,"column":102}},"36":{"start":{"line":37,"column":35},"end":{"line":37,"column":98}},"37":{"start":{"line":38,"column":35},"end":{"line":38,"column":98}},"38":{"start":{"line":39,"column":37},"end":{"line":39,"column":102}},"39":{"start":{"line":40,"column":34},"end":{"line":40,"column":96}},"40":{"start":{"line":41,"column":30},"end":{"line":41,"column":88}},"41":{"start":{"line":42,"column":20},"end":{"line":42,"column":67}},"42":{"start":{"line":43,"column":24},"end":{"line":43,"column":75}},"43":{"start":{"line":44,"column":23},"end":{"line":44,"column":60}},"44":{"start":{"line":45,"column":0},"end":{"line":94,"column":3}},"45":{"start":{"line":71,"column":4},"end":{"line":93,"column":5}},"46":{"start":{"line":72,"column":8},"end":{"line":72,"column":43}},"47":{"start":{"line":74,"column":9},"end":{"line":93,"column":5}},"48":{"start":{"line":75,"column":8},"end":{"line":75,"column":112}},"49":{"start":{"line":76,"column":8},"end":{"line":76,"column":77}},"50":{"start":{"line":78,"column":9},"end":{"line":93,"column":5}},"51":{"start":{"line":79,"column":8},"end":{"line":79,"column":112}},"52":{"start":{"line":80,"column":8},"end":{"line":80,"column":95}},"53":{"start":{"line":82,"column":9},"end":{"line":93,"column":5}},"54":{"start":{"line":83,"column":8},"end":{"line":83,"column":112}},"55":{"start":{"line":84,"column":8},"end":{"line":84,"column":78}},"56":{"start":{"line":86,"column":9},"end":{"line":93,"column":5}},"57":{"start":{"line":87,"column":8},"end":{"line":87,"column":112}},"58":{"start":{"line":88,"column":8},"end":{"line":88,"column":31}},"59":{"start":{"line":91,"column":8},"end":{"line":91,"column":127}},"60":{"start":{"line":92,"column":8},"end":{"line":92,"column":77}},"61":{"start":{"line":95,"column":21},"end":{"line":104,"column":1}},"62":{"start":{"line":96,"column":4},"end":{"line":103,"column":5}},"63":{"start":{"line":97,"column":8},"end":{"line":97,"column":69}},"64":{"start":{"line":98,"column":8},"end":{"line":98,"column":30}},"65":{"start":{"line":101,"column":8},"end":{"line":101,"column":35}},"66":{"start":{"line":102,"column":8},"end":{"line":102,"column":24}},"67":{"start":{"line":105,"column":0},"end":{"line":105,"column":36}}},"fnMap":{"0":{"name":"(anonymous_0)","decl":{"start":{"line":2,"column":74},"end":{"line":2,"column":75}},"loc":{"start":{"line":2,"column":96},"end":{"line":5,"column":1}},"line":2},"1":{"name":"(anonymous_1)","decl":{"start":{"line":4,"column":58},"end":{"line":4,"column":59}},"loc":{"start":{"line":4,"column":69},"end":{"line":4,"column":85}},"line":4},"2":{"name":"(anonymous_2)","decl":{"start":{"line":5,"column":6},"end":{"line":5,"column":7}},"loc":{"start":{"line":5,"column":28},"end":{"line":8,"column":1}},"line":5},"3":{"name":"(anonymous_3)","decl":{"start":{"line":9,"column":80},"end":{"line":9,"column":81}},"loc":{"start":{"line":9,"column":95},"end":{"line":11,"column":1}},"line":9},"4":{"name":"(anonymous_4)","decl":{"start":{"line":11,"column":5},"end":{"line":11,"column":6}},"loc":{"start":{"line":11,"column":20},"end":{"line":13,"column":1}},"line":11},"5":{"name":"(anonymous_5)","decl":{"start":{"line":14,"column":50},"end":{"line":14,"column":51}},"loc":{"start":{"line":14,"column":65},"end":{"line":20,"column":1}},"line":14},"6":{"name":"(anonymous_6)","decl":{"start":{"line":21,"column":56},"end":{"line":21,"column":57}},"loc":{"start":{"line":21,"column":71},"end":{"line":23,"column":1}},"line":21},"7":{"name":"(anonymous_7)","decl":{"start":{"line":69,"column":21},"end":{"line":69,"column":22}},"loc":{"start":{"line":69,"column":48},"end":{"line":94,"column":1}},"line":69},"8":{"name":"(anonymous_8)","decl":{"start":{"line":95,"column":21},"end":{"line":95,"column":22}},"loc":{"start":{"line":95,"column":33},"end":{"line":104,"column":1}},"line":95}},"branchMap":{"0":{"loc":{"start":{"line":2,"column":22},"end":{"line":8,"column":3}},"type":"binary-expr","locations":[{"start":{"line":2,"column":23},"end":{"line":2,"column":27}},{"start":{"line":2,"column":31},"end":{"line":2,"column":51}},{"start":{"line":2,"column":57},"end":{"line":8,"column":2}}],"line":2},"1":{"loc":{"start":{"line":2,"column":57},"end":{"line":8,"column":2}},"type":"cond-expr","locations":[{"start":{"line":2,"column":74},"end":{"line":5,"column":1}},{"start":{"line":5,"column":6},"end":{"line":8,"column":1}}],"line":2},"2":{"loc":{"start":{"line":3,"column":4},"end":{"line":3,"column":33}},"type":"if","locations":[{"start":{"line":3,"column":4},"end":{"line":3,"column":33}},{"start":{"line":3,"column":4},"end":{"line":3,"column":33}}],"line":3},"3":{"loc":{"start":{"line":6,"column":4},"end":{"line":6,"column":33}},"type":"if","locations":[{"start":{"line":6,"column":4},"end":{"line":6,"column":33}},{"start":{"line":6,"column":4},"end":{"line":6,"column":33}}],"line":6},"4":{"loc":{"start":{"line":9,"column":25},"end":{"line":13,"column":2}},"type":"binary-expr","locations":[{"start":{"line":9,"column":26},"end":{"line":9,"column":30}},{"start":{"line":9,"column":34},"end":{"line":9,"column":57}},{"start":{"line":9,"column":63},"end":{"line":13,"column":1}}],"line":9},"5":{"loc":{"start":{"line":9,"column":63},"end":{"line":13,"column":1}},"type":"cond-expr","locations":[{"start":{"line":9,"column":80},"end":{"line":11,"column":1}},{"start":{"line":11,"column":5},"end":{"line":13,"column":1}}],"line":9},"6":{"loc":{"start":{"line":14,"column":19},"end":{"line":20,"column":1}},"type":"binary-expr","locations":[{"start":{"line":14,"column":20},"end":{"line":14,"column":24}},{"start":{"line":14,"column":28},"end":{"line":14,"column":45}},{"start":{"line":14,"column":50},"end":{"line":20,"column":1}}],"line":14},"7":{"loc":{"start":{"line":15,"column":4},"end":{"line":15,"column":42}},"type":"if","locations":[{"start":{"line":15,"column":4},"end":{"line":15,"column":42}},{"start":{"line":15,"column":4},"end":{"line":15,"column":42}}],"line":15},"8":{"loc":{"start":{"line":15,"column":8},"end":{"line":15,"column":29}},"type":"binary-expr","locations":[{"start":{"line":15,"column":8},"end":{"line":15,"column":11}},{"start":{"line":15,"column":15},"end":{"line":15,"column":29}}],"line":15},"9":{"loc":{"start":{"line":17,"column":4},"end":{"line":17,"column":141}},"type":"if","locations":[{"start":{"line":17,"column":4},"end":{"line":17,"column":141}},{"start":{"line":17,"column":4},"end":{"line":17,"column":141}}],"line":17},"10":{"loc":{"start":{"line":17,"column":40},"end":{"line":17,"column":141}},"type":"if","locations":[{"start":{"line":17,"column":40},"end":{"line":17,"column":141}},{"start":{"line":17,"column":40},"end":{"line":17,"column":141}}],"line":17},"11":{"loc":{"start":{"line":17,"column":44},"end":{"line":17,"column":107}},"type":"binary-expr","locations":[{"start":{"line":17,"column":44},"end":{"line":17,"column":59}},{"start":{"line":17,"column":63},"end":{"line":17,"column":107}}],"line":17},"12":{"loc":{"start":{"line":21,"column":22},"end":{"line":23,"column":1}},"type":"binary-expr","locations":[{"start":{"line":21,"column":23},"end":{"line":21,"column":27}},{"start":{"line":21,"column":31},"end":{"line":21,"column":51}},{"start":{"line":21,"column":56},"end":{"line":23,"column":1}}],"line":21},"13":{"loc":{"start":{"line":22,"column":11},"end":{"line":22,"column":61}},"type":"cond-expr","locations":[{"start":{"line":22,"column":37},"end":{"line":22,"column":40}},{"start":{"line":22,"column":43},"end":{"line":22,"column":61}}],"line":22},"14":{"loc":{"start":{"line":22,"column":12},"end":{"line":22,"column":33}},"type":"binary-expr","locations":[{"start":{"line":22,"column":12},"end":{"line":22,"column":15}},{"start":{"line":22,"column":19},"end":{"line":22,"column":33}}],"line":22},"15":{"loc":{"start":{"line":71,"column":4},"end":{"line":93,"column":5}},"type":"if","locations":[{"start":{"line":71,"column":4},"end":{"line":93,"column":5}},{"start":{"line":71,"column":4},"end":{"line":93,"column":5}}],"line":71},"16":{"loc":{"start":{"line":74,"column":9},"end":{"line":93,"column":5}},"type":"if","locations":[{"start":{"line":74,"column":9},"end":{"line":93,"column":5}},{"start":{"line":74,"column":9},"end":{"line":93,"column":5}}],"line":74},"17":{"loc":{"start":{"line":75,"column":51},"end":{"line":75,"column":110}},"type":"cond-expr","locations":[{"start":{"line":75,"column":88},"end":{"line":75,"column":94}},{"start":{"line":75,"column":97},"end":{"line":75,"column":110}}],"line":75},"18":{"loc":{"start":{"line":75,"column":51},"end":{"line":75,"column":85}},"type":"binary-expr","locations":[{"start":{"line":75,"column":51},"end":{"line":75,"column":65}},{"start":{"line":75,"column":69},"end":{"line":75,"column":85}}],"line":75},"19":{"loc":{"start":{"line":78,"column":9},"end":{"line":93,"column":5}},"type":"if","locations":[{"start":{"line":78,"column":9},"end":{"line":93,"column":5}},{"start":{"line":78,"column":9},"end":{"line":93,"column":5}}],"line":78},"20":{"loc":{"start":{"line":79,"column":51},"end":{"line":79,"column":110}},"type":"cond-expr","locations":[{"start":{"line":79,"column":88},"end":{"line":79,"column":94}},{"start":{"line":79,"column":97},"end":{"line":79,"column":110}}],"line":79},"21":{"loc":{"start":{"line":79,"column":51},"end":{"line":79,"column":85}},"type":"binary-expr","locations":[{"start":{"line":79,"column":51},"end":{"line":79,"column":65}},{"start":{"line":79,"column":69},"end":{"line":79,"column":85}}],"line":79},"22":{"loc":{"start":{"line":82,"column":9},"end":{"line":93,"column":5}},"type":"if","locations":[{"start":{"line":82,"column":9},"end":{"line":93,"column":5}},{"start":{"line":82,"column":9},"end":{"line":93,"column":5}}],"line":82},"23":{"loc":{"start":{"line":83,"column":51},"end":{"line":83,"column":110}},"type":"cond-expr","locations":[{"start":{"line":83,"column":88},"end":{"line":83,"column":94}},{"start":{"line":83,"column":97},"end":{"line":83,"column":110}}],"line":83},"24":{"loc":{"start":{"line":83,"column":51},"end":{"line":83,"column":85}},"type":"binary-expr","locations":[{"start":{"line":83,"column":51},"end":{"line":83,"column":65}},{"start":{"line":83,"column":69},"end":{"line":83,"column":85}}],"line":83},"25":{"loc":{"start":{"line":86,"column":9},"end":{"line":93,"column":5}},"type":"if","locations":[{"start":{"line":86,"column":9},"end":{"line":93,"column":5}},{"start":{"line":86,"column":9},"end":{"line":93,"column":5}}],"line":86},"26":{"loc":{"start":{"line":87,"column":51},"end":{"line":87,"column":110}},"type":"cond-expr","locations":[{"start":{"line":87,"column":88},"end":{"line":87,"column":94}},{"start":{"line":87,"column":97},"end":{"line":87,"column":110}}],"line":87},"27":{"loc":{"start":{"line":87,"column":51},"end":{"line":87,"column":85}},"type":"binary-expr","locations":[{"start":{"line":87,"column":51},"end":{"line":87,"column":65}},{"start":{"line":87,"column":69},"end":{"line":87,"column":85}}],"line":87},"28":{"loc":{"start":{"line":91,"column":66},"end":{"line":91,"column":125}},"type":"cond-expr","locations":[{"start":{"line":91,"column":103},"end":{"line":91,"column":109}},{"start":{"line":91,"column":112},"end":{"line":91,"column":125}}],"line":91},"29":{"loc":{"start":{"line":91,"column":66},"end":{"line":91,"column":100}},"type":"binary-expr","locations":[{"start":{"line":91,"column":66},"end":{"line":91,"column":80}},{"start":{"line":91,"column":84},"end":{"line":91,"column":100}}],"line":91}},"s":{"0":1,"1":138,"2":138,"3":138,"4":38,"5":0,"6":0,"7":0,"8":1,"9":8,"10":0,"11":1,"12":8,"13":0,"14":8,"15":8,"16":8,"17":139,"18":138,"19":8,"20":8,"21":1,"22":9,"23":1,"24":1,"25":1,"26":1,"27":1,"28":1,"29":1,"30":1,"31":1,"32":1,"33":1,"34":1,"35":1,"36":1,"37":1,"38":1,"39":1,"40":1,"41":1,"42":1,"43":1,"44":1,"45":0,"46":0,"47":0,"48":0,"49":0,"50":0,"51":0,"52":0,"53":0,"54":0,"55":0,"56":0,"57":0,"58":0,"59":0,"60":0,"61":1,"62":1,"63":1,"64":1,"65":0,"66":0,"67":1},"f":{"0":138,"1":38,"2":0,"3":8,"4":0,"5":8,"6":9,"7":0,"8":1},"b":{"0":[1,1,1],"1":[1,0],"2":[138,0],"3":[0,0],"4":[1,1,1],"5":[1,0],"6":[1,1,1],"7":[0,8],"8":[8,8],"9":[8,0],"10":[138,1],"11":[139,138],"12":[1,1,1],"13":[5,4],"14":[9,9],"15":[0,0],"16":[0,0],"17":[0,0],"18":[0,0],"19":[0,0],"20":[0,0],"21":[0,0],"22":[0,0],"23":[0,0],"24":[0,0],"25":[0,0],"26":[0,0],"27":[0,0],"28":[0,0],"29":[0,0]},"inputSourceMap":{"version":3,"file":"/Users/kainingxin/NodeJsWorkplace/auction/src/lib/fastify.ts","sources":["/Users/kainingxin/NodeJsWorkplace/auction/src/lib/fastify.ts"],"names":[],"mappings":";;;;;;;;;;;;;;;;;;;;;;;;;AAAA,iDAAmC;AACnC,uCAAyB;AACzB,8DAA8B;AAC9B,oEAAoC;AACpC,sEAA8C;AAC9C,0EAAkD;AAClD,4EAAoD;AACpD,sEAAsC;AACtC,uCAAiC;AACjC,oDAA2B;AAC3B,uGAAyF;AACzF,mGAAqF;AACrF,mGAAqF;AACrF,uGAAwF;AACxF,iGAAmF;AACnF,yFAA0E;AAE1E,oEAA6C;AAC7C,4EAAoD;AAEpD,6DAA0H;AAC7G,QAAA,GAAG,GAAG,OAAO,CAAC,OAAO,CAAC;IAC/B,MAAM,EAAE,IAAI;CACf,CAAC;KACD,QAAQ,CAAC,qBAAG,EAAC;IACZ,MAAM,EAAE;QACN,OAAO,EAAE,EAAE,CAAC,YAAY,CAAC,oBAAoB,CAAC;QAC9C,MAAM,EAAE,EAAE,CAAC,YAAY,CAAC,mBAAmB,CAAC;KAC7C;IACD,IAAI,EAAE,EAAE,SAAS,EAAE,OAAO,EAAE;CAC7B,CAAC;KACD,QAAQ,CAAC,wBAAM,CAAC;KAChB,QAAQ,CAAC,yBAAO,EAAC,iBAAO,CAAC;KACzB,QAAQ,CAAC,uBAAa,EAAC,EAAC,MAAM,EAAC,cAAc,EAAC,CAAC;KAC/C,QAAQ,CAAC,oBAAU,EAAC,EAAC,MAAM,EAAC,WAAW,EAAC,CAAC;KACzC,QAAQ,CAAC,sBAAY,EAAC,EAAC,MAAM,EAAC,YAAY,EAAC,CAAC;KAC5C,QAAQ,CAAC,mBAAU,EAAC,EAAC,MAAM,EAAC,UAAU,EAAC,CAAC;KACxC,QAAQ,CAAC,uBAAa,EAAC,EAAC,MAAM,EAAC,aAAa,EAAC,CAAC;IAC/C,iBAAiB;KAChB,SAAS,CAAC,0BAA0B,CAAC;KACrC,SAAS,CAAC,4BAA4B,CAAC;KACvC,SAAS,CAAC,0BAA0B,CAAC;KACrC,SAAS,CAAC,4BAA4B,CAAC;KACvC,SAAS,CAAC,yBAAyB,CAAC;KACpC,SAAS,CAAC,qBAAqB,CAAC;KAChC,eAAe,CAAC,CAAC,KAAK,EAAE,OAAO,EAAE,KAAK,EAAE,EAAE;IACvC,2GAA2G;IAC3G,IAAI,KAAK,YAAY,gCAAiB,EAAE;QACtC,KAAK,KAAK,CAAC,MAAM,CAAC,GAAG,CAAC,CAAC,IAAI,CAAC,KAAK,CAAC,CAAA;KACnC;SAAM,IAAI,KAAK,YAAY,kCAAmB,EAAE;QAC/C,KAAK,CAAC,GAAG,CAAC,IAAI,CAAC,EAAE,GAAG,EAAE,KAAK,EAAE,GAAG,EAAE,KAAK,EAAE,EAAE,KAAK,aAAL,KAAK,uBAAL,KAAK,CAAE,OAAO,CAAC,CAAA;QAC1D,KAAK,KAAK,CAAC,MAAM,CAAC,GAAG,CAAC,CAAC,IAAI,CAAC,IAAI,KAAK,CAAC,4BAA4B,CAAC,CAAC,CAAA;KACrE;SAAM,IAAI,KAAK,YAAY,gCAAiB,EAAC;QAC5C,KAAK,CAAC,GAAG,CAAC,IAAI,CAAC,EAAE,GAAG,EAAE,KAAK,EAAE,GAAG,EAAE,KAAK,EAAE,EAAE,KAAK,aAAL,KAAK,uBAAL,KAAK,CAAE,OAAO,CAAC,CAAA;QAC1D,KAAK,KAAK,CAAC,MAAM,CAAC,GAAG,CAAC,CAAC,IAAI,CAAC,IAAI,KAAK,CAAC,8CAA8C,CAAC,CAAC,CAAA;KACvF;SAAM,IAAI,KAAK,YAAY,gCAAiB,EAAC;QAC5C,KAAK,CAAC,GAAG,CAAC,IAAI,CAAC,EAAE,GAAG,EAAE,KAAK,EAAE,GAAG,EAAE,KAAK,EAAE,EAAE,KAAK,aAAL,KAAK,uBAAL,KAAK,CAAE,OAAO,CAAC,CAAA;QAC1D,KAAK,KAAK,CAAC,MAAM,CAAC,GAAG,CAAC,CAAC,IAAI,CAAC,IAAI,KAAK,CAAC,6BAA6B,CAAC,CAAC,CAAA;KACtE;SAAK,IAAI,KAAK,CAAC,UAAU,GAAG,GAAG,EAAE;QAChC,KAAK,CAAC,GAAG,CAAC,IAAI,CAAC,EAAE,GAAG,EAAE,KAAK,EAAE,GAAG,EAAE,KAAK,EAAE,EAAE,KAAK,aAAL,KAAK,uBAAL,KAAK,CAAE,OAAO,CAAC,CAAA;QAC1D,KAAK,KAAK,CAAC,IAAI,CAAC,KAAK,CAAC,CAAA;KACvB;SAAM;QACL,KAAK,CAAC,GAAG,CAAC,KAAK,CAAC,EAAE,GAAG,EAAE,OAAO,EAAE,GAAG,EAAE,KAAK,EAAE,GAAG,EAAE,KAAK,EAAE,EAAE,KAAK,aAAL,KAAK,uBAAL,KAAK,CAAE,OAAO,CAAC,CAAA;QACzE,KAAK,KAAK,CAAC,IAAI,CAAC,IAAI,KAAK,CAAC,wCAAwC,CAAC,CAAC,CAAA;KACrE;AACH,CAAC,CAAC,CAAA;AAIG,MAAM,YAAY,GAAG,KAAK,IAAmB,EAAE;IACrD,IAAI;QACH,MAAM,WAAG,CAAC,MAAM,CAAC,gBAAM,CAAC,GAAG,CAAC,YAAY,CAAC,CAAC,CAAC;QAC3C,WAAG,CAAC,OAAO,EAAE,CAAC;KACd;IAAC,OAAO,GAAG,EAAE;QACb,WAAG,CAAC,GAAG,CAAC,KAAK,CAAC,GAAG,CAAC,CAAC;QACnB,OAAO,CAAC,IAAI,CAAC,CAAC,CAAC,CAAC;KAChB;AACF,CAAC,CAAC;AARW,QAAA,YAAY,gBAQvB","sourcesContent":["import * as fastify from \"fastify\";\nimport * as fs from 'fs';\nimport jwt from 'fastify-jwt';\nimport cookie from 'fastify-cookie';\nimport goodRoutes from '../routes/goodRoutes';\nimport bidderRoutes from \"../routes/bidderRoutes\";\nimport auctionRoutes from \"../routes/auctionRoutes\";\nimport swagger from 'fastify-swagger';\nimport {Options} from './swagger'\nimport config from 'config'\nimport * as auctionLimitedResponseSchema from '../schemas/auction.limited.response.json';\nimport * as auctionBasicResponseSchema from '../schemas/auction.basic.response.json';\nimport * as goodCompleteResponseSchema from '../schemas/good.complete.response.json';\nimport * as bidderCompleteResponseSchema from '../schemas/bidder.complete.response.json'\nimport * as goodLimitedResponseSchema from '../schemas/good.limited.response.json';\nimport * as getGoodResponseSchema from '../schemas/good.get.response.json'\n\nimport authRoutes from \"../routes/authRoute\";\nimport biddingRoutes from \"../routes/biddingRoutes\";\n\nimport { EntityNotFoundError, InvalidInputError, InvalidPriceError, UnauthorizedError } from \"../models/oth/customErrors\";\nexport const app = fastify.default({\n    logger: true\n})\n.register(jwt,{\n  secret: {\n    private: fs.readFileSync('config/private.key'),\n    public: fs.readFileSync('config/public.key'),\n  },\n  sign: { algorithm: 'RS256' }\n})\n.register(cookie)\n.register(swagger,Options)\n.register(auctionRoutes,{prefix:'/v1/auctions'})\n.register(goodRoutes,{prefix:\"/v1/goods\"})\n.register(bidderRoutes,{prefix:\"v1/bidders\"})\n.register(authRoutes,{prefix:'/v1/auth'})\n.register(biddingRoutes,{prefix:'/v1/bidding'})\n//register schema\n.addSchema(auctionBasicResponseSchema)\n.addSchema(auctionLimitedResponseSchema)\n.addSchema(goodCompleteResponseSchema)\n.addSchema(bidderCompleteResponseSchema)\n.addSchema(goodLimitedResponseSchema)\n.addSchema(getGoodResponseSchema)\n.setErrorHandler((error, request, reply) => {\n    // based on https://github.com/fastify/fastify/blob/1e94070992d911a81a26597c25f2d35ae65f3d91/fastify.js#L74\n    if (error instanceof UnauthorizedError) {\n      void reply.status(422).send(error)\n    } else if (error instanceof EntityNotFoundError) {\n      reply.log.info({ res: reply, err: error }, error?.message)\n      void reply.status(404).send(new Error('Requested entity not found'))\n    } else if (error instanceof InvalidPriceError){\n      reply.log.info({ res: reply, err: error }, error?.message)\n      void reply.status(404).send(new Error('Price is lower than or equal to actual price'))\n    } else if (error instanceof InvalidInputError){\n      reply.log.info({ res: reply, err: error }, error?.message)\n      void reply.status(404).send(new Error('Input contains invalid data'))\n    }else if (reply.statusCode < 500) {\n      reply.log.info({ res: reply, err: error }, error?.message)\n      void reply.send(error)\n    } else {\n      reply.log.error({ req: request, res: reply, err: error }, error?.message)\n      void reply.send(new Error('Internal Server Error, message dropped'))\n    }\n  })\n\n\n\nexport const startFastify = async (): Promise<void> => {\n\ttry {\n\t\tawait app.listen(config.get(\"serverPort\"));\n\t\tapp.swagger();\n\t} catch (err) {\n\t\tapp.log.error(err);\n\t\tprocess.exit(1);\n\t}\n};\n"]},"_coverageSchema":"1a1c01bbd47fc00a2c39e90264f33305004495a9","hash":"abcb1fbe289feb75cba3146a26977ad52d8d0b37","contentHash":"4af79bc344a5c77df4edc822fbe574960d0a7062b93736783367006fb3f18142"},"/Users/kainingxin/NodeJsWorkplace/auction/src/routes/goodRoutes.ts":{"path":"/Users/kainingxin/NodeJsWorkplace/auction/src/routes/goodRoutes.ts","statementMap":{"0":{"start":{"line":2,"column":22},"end":{"line":8,"column":3}},"1":{"start":{"line":3,"column":4},"end":{"line":3,"column":33}},"2":{"start":{"line":3,"column":26},"end":{"line":3,"column":33}},"3":{"start":{"line":4,"column":4},"end":{"line":4,"column":89}},"4":{"start":{"line":4,"column":71},"end":{"line":4,"column":83}},"5":{"start":{"line":6,"column":4},"end":{"line":6,"column":33}},"6":{"start":{"line":6,"column":26},"end":{"line":6,"column":33}},"7":{"start":{"line":7,"column":4},"end":{"line":7,"column":17}},"8":{"start":{"line":9,"column":25},"end":{"line":13,"column":2}},"9":{"start":{"line":10,"column":4},"end":{"line":10,"column":72}},"10":{"start":{"line":12,"column":4},"end":{"line":12,"column":21}},"11":{"start":{"line":14,"column":19},"end":{"line":20,"column":1}},"12":{"start":{"line":15,"column":4},"end":{"line":15,"column":42}},"13":{"start":{"line":15,"column":31},"end":{"line":15,"column":42}},"14":{"start":{"line":16,"column":17},"end":{"line":16,"column":19}},"15":{"start":{"line":17,"column":4},"end":{"line":17,"column":141}},"16":{"start":{"line":17,"column":21},"end":{"line":17,"column":141}},"17":{"start":{"line":17,"column":40},"end":{"line":17,"column":141}},"18":{"start":{"line":17,"column":109},"end":{"line":17,"column":141}},"19":{"start":{"line":18,"column":4},"end":{"line":18,"column":36}},"20":{"start":{"line":19,"column":4},"end":{"line":19,"column":18}},"21":{"start":{"line":21,"column":22},"end":{"line":23,"column":1}},"22":{"start":{"line":22,"column":4},"end":{"line":22,"column":62}},"23":{"start":{"line":24,"column":0},"end":{"line":24,"column":62}},"24":{"start":{"line":25,"column":23},"end":{"line":25,"column":77}},"25":{"start":{"line":26,"column":33},"end":{"line":26,"column":94}},"26":{"start":{"line":27,"column":42},"end":{"line":27,"column":112}},"27":{"start":{"line":28,"column":28},"end":{"line":28,"column":84}},"28":{"start":{"line":29,"column":14},"end":{"line":29,"column":56}},"29":{"start":{"line":31,"column":4},"end":{"line":41,"column":7}},"30":{"start":{"line":42,"column":4},"end":{"line":61,"column":7}},"31":{"start":{"line":62,"column":4},"end":{"line":75,"column":7}},"32":{"start":{"line":76,"column":4},"end":{"line":89,"column":7}},"33":{"start":{"line":90,"column":4},"end":{"line":102,"column":7}},"34":{"start":{"line":104,"column":0},"end":{"line":104,"column":29}}},"fnMap":{"0":{"name":"(anonymous_0)","decl":{"start":{"line":2,"column":74},"end":{"line":2,"column":75}},"loc":{"start":{"line":2,"column":96},"end":{"line":5,"column":1}},"line":2},"1":{"name":"(anonymous_1)","decl":{"start":{"line":4,"column":58},"end":{"line":4,"column":59}},"loc":{"start":{"line":4,"column":69},"end":{"line":4,"column":85}},"line":4},"2":{"name":"(anonymous_2)","decl":{"start":{"line":5,"column":6},"end":{"line":5,"column":7}},"loc":{"start":{"line":5,"column":28},"end":{"line":8,"column":1}},"line":5},"3":{"name":"(anonymous_3)","decl":{"start":{"line":9,"column":80},"end":{"line":9,"column":81}},"loc":{"start":{"line":9,"column":95},"end":{"line":11,"column":1}},"line":9},"4":{"name":"(anonymous_4)","decl":{"start":{"line":11,"column":5},"end":{"line":11,"column":6}},"loc":{"start":{"line":11,"column":20},"end":{"line":13,"column":1}},"line":11},"5":{"name":"(anonymous_5)","decl":{"start":{"line":14,"column":50},"end":{"line":14,"column":51}},"loc":{"start":{"line":14,"column":65},"end":{"line":20,"column":1}},"line":14},"6":{"name":"(anonymous_6)","decl":{"start":{"line":21,"column":56},"end":{"line":21,"column":57}},"loc":{"start":{"line":21,"column":71},"end":{"line":23,"column":1}},"line":21},"7":{"name":"goodRoutes","decl":{"start":{"line":30,"column":15},"end":{"line":30,"column":25}},"loc":{"start":{"line":30,"column":35},"end":{"line":103,"column":1}},"line":30}},"branchMap":{"0":{"loc":{"start":{"line":2,"column":22},"end":{"line":8,"column":3}},"type":"binary-expr","locations":[{"start":{"line":2,"column":23},"end":{"line":2,"column":27}},{"start":{"line":2,"column":31},"end":{"line":2,"column":51}},{"start":{"line":2,"column":57},"end":{"line":8,"column":2}}],"line":2},"1":{"loc":{"start":{"line":2,"column":57},"end":{"line":8,"column":2}},"type":"cond-expr","locations":[{"start":{"line":2,"column":74},"end":{"line":5,"column":1}},{"start":{"line":5,"column":6},"end":{"line":8,"column":1}}],"line":2},"2":{"loc":{"start":{"line":3,"column":4},"end":{"line":3,"column":33}},"type":"if","locations":[{"start":{"line":3,"column":4},"end":{"line":3,"column":33}},{"start":{"line":3,"column":4},"end":{"line":3,"column":33}}],"line":3},"3":{"loc":{"start":{"line":6,"column":4},"end":{"line":6,"column":33}},"type":"if","locations":[{"start":{"line":6,"column":4},"end":{"line":6,"column":33}},{"start":{"line":6,"column":4},"end":{"line":6,"column":33}}],"line":6},"4":{"loc":{"start":{"line":9,"column":25},"end":{"line":13,"column":2}},"type":"binary-expr","locations":[{"start":{"line":9,"column":26},"end":{"line":9,"column":30}},{"start":{"line":9,"column":34},"end":{"line":9,"column":57}},{"start":{"line":9,"column":63},"end":{"line":13,"column":1}}],"line":9},"5":{"loc":{"start":{"line":9,"column":63},"end":{"line":13,"column":1}},"type":"cond-expr","locations":[{"start":{"line":9,"column":80},"end":{"line":11,"column":1}},{"start":{"line":11,"column":5},"end":{"line":13,"column":1}}],"line":9},"6":{"loc":{"start":{"line":14,"column":19},"end":{"line":20,"column":1}},"type":"binary-expr","locations":[{"start":{"line":14,"column":20},"end":{"line":14,"column":24}},{"start":{"line":14,"column":28},"end":{"line":14,"column":45}},{"start":{"line":14,"column":50},"end":{"line":20,"column":1}}],"line":14},"7":{"loc":{"start":{"line":15,"column":4},"end":{"line":15,"column":42}},"type":"if","locations":[{"start":{"line":15,"column":4},"end":{"line":15,"column":42}},{"start":{"line":15,"column":4},"end":{"line":15,"column":42}}],"line":15},"8":{"loc":{"start":{"line":15,"column":8},"end":{"line":15,"column":29}},"type":"binary-expr","locations":[{"start":{"line":15,"column":8},"end":{"line":15,"column":11}},{"start":{"line":15,"column":15},"end":{"line":15,"column":29}}],"line":15},"9":{"loc":{"start":{"line":17,"column":4},"end":{"line":17,"column":141}},"type":"if","locations":[{"start":{"line":17,"column":4},"end":{"line":17,"column":141}},{"start":{"line":17,"column":4},"end":{"line":17,"column":141}}],"line":17},"10":{"loc":{"start":{"line":17,"column":40},"end":{"line":17,"column":141}},"type":"if","locations":[{"start":{"line":17,"column":40},"end":{"line":17,"column":141}},{"start":{"line":17,"column":40},"end":{"line":17,"column":141}}],"line":17},"11":{"loc":{"start":{"line":17,"column":44},"end":{"line":17,"column":107}},"type":"binary-expr","locations":[{"start":{"line":17,"column":44},"end":{"line":17,"column":59}},{"start":{"line":17,"column":63},"end":{"line":17,"column":107}}],"line":17},"12":{"loc":{"start":{"line":21,"column":22},"end":{"line":23,"column":1}},"type":"binary-expr","locations":[{"start":{"line":21,"column":23},"end":{"line":21,"column":27}},{"start":{"line":21,"column":31},"end":{"line":21,"column":51}},{"start":{"line":21,"column":56},"end":{"line":23,"column":1}}],"line":21},"13":{"loc":{"start":{"line":22,"column":11},"end":{"line":22,"column":61}},"type":"cond-expr","locations":[{"start":{"line":22,"column":37},"end":{"line":22,"column":40}},{"start":{"line":22,"column":43},"end":{"line":22,"column":61}}],"line":22},"14":{"loc":{"start":{"line":22,"column":12},"end":{"line":22,"column":33}},"type":"binary-expr","locations":[{"start":{"line":22,"column":12},"end":{"line":22,"column":15}},{"start":{"line":22,"column":19},"end":{"line":22,"column":33}}],"line":22}},"s":{"0":1,"1":0,"2":0,"3":0,"4":0,"5":0,"6":0,"7":0,"8":1,"9":0,"10":0,"11":1,"12":2,"13":2,"14":0,"15":0,"16":0,"17":0,"18":0,"19":0,"20":0,"21":1,"22":3,"23":1,"24":1,"25":1,"26":1,"27":1,"28":1,"29":1,"30":1,"31":1,"32":1,"33":1,"34":1},"f":{"0":0,"1":0,"2":0,"3":0,"4":0,"5":2,"6":3,"7":1},"b":{"0":[1,1,1],"1":[1,0],"2":[0,0],"3":[0,0],"4":[1,1,1],"5":[1,0],"6":[1,1,1],"7":[2,0],"8":[2,2],"9":[0,0],"10":[0,0],"11":[0,0],"12":[1,1,1],"13":[0,3],"14":[3,3]},"inputSourceMap":{"version":3,"file":"/Users/kainingxin/NodeJsWorkplace/auction/src/routes/goodRoutes.ts","sources":["/Users/kainingxin/NodeJsWorkplace/auction/src/routes/goodRoutes.ts"],"names":[],"mappings":";;;;;;;;;;;;;;;;;;;;;;;;AACA,8EAA+D;AAC/D,+FAAqE;AACrE,iHAA0F;AAC1F,qFAA4D;AAC5D,yDAA2C;AAC5B,KAAK,UAAU,UAAU,CAAC,OAAuB;IAE9D,OAAO,CAAC,GAAG,CAAC,GAAG,EAAC;QACjB,MAAM,EAAC;YACN,WAAW,EAAE,gBAAgB;YAC7B,IAAI,EAAE,CAAC,MAAM,CAAC;YACd,OAAO,EAAE,gBAAgB;YACzB,QAAQ,EAAE;gBACR,GAAG,EAAE,gCAAqB;aAC3B;SACC;QACD,OAAO,EAAE,cAAc,CAAC,WAAW;KACpC,CAAC,CAAA;IAED,OAAO,CAAC,GAAG,CAAC,MAAM,EAAC;QACjB,MAAM,EAAC;YACL,WAAW,EAAE,0BAA0B;YAC1C,IAAI,EAAE,CAAC,MAAM,CAAC;YACd,OAAO,EAAE,iBAAiB;YAC1B,MAAM,EAAE;gBACP,IAAI,EAAE,QAAQ;gBACd,UAAU,EAAE;oBACX,EAAE,EAAE;wBACH,IAAI,EAAE,QAAQ;wBACd,WAAW,EAAE,YAAY;qBACzB;iBACD;aACD;YAED,QAAQ,EAAE;gBACT,GAAG,EAAE,gCAAqB;aAC1B;SACC;QACD,OAAO,EAAE,cAAc,CAAC,WAAW;KACpC,CAAC,CAAA;IAEF,OAAO,CAAC,IAAI,CAAC,GAAG,EAAC;QAChB,MAAM,EAAC;YACR,WAAW,EAAE,iBAAiB;YAC9B,IAAI,EAAE,CAAC,MAAM,CAAC;YACd,IAAI,EAAE,2BAAiB;YACvB,QAAQ,EAAE;gBACT,GAAG,EAAE,yCAAiC;aACtC;SACC;QACD,UAAU,EAAE;YACX,KAAK,CAAC,oBAAoB;SAC1B;QACD,OAAO,EAAE,cAAc,CAAC,OAAO;KAC/B,CAAC,CAAA;IAGF,OAAO,CAAC,KAAK,CAAC,MAAM,EAAC;QACtB,MAAM,EAAC;YACN,WAAW,EAAE,mBAAmB;YAChC,IAAI,EAAE,CAAC,MAAM,CAAC;YACd,IAAI,EAAE,2BAAiB;YACvB,QAAQ,EAAE;gBACT,GAAG,EAAE,yCAAiC;aACtC;SACD;QACD,UAAU,EAAE;YACX,KAAK,CAAC,oBAAoB;SAC1B;QACD,OAAO,EAAE,cAAc,CAAC,cAAc;KACpC,CAAC,CAAA;IAEF,OAAO,CAAC,MAAM,CAAC,MAAM,EAAC;QACrB,MAAM,EAAC;YACR,WAAW,EAAE,mBAAmB;YAChC,IAAI,EAAE,CAAC,MAAM,CAAC;YACd,QAAQ,EAAE;gBACT,GAAG,EAAE,yCAAiC;aACtC;SACC;QACD,UAAU,EAAC;YACV,KAAK,CAAC,oBAAoB;SAC1B;QACD,OAAO,EAAE,cAAc,CAAC,cAAc;KAEtC,CAAC,CAAA;AAEJ,CAAC;AAlFD,6BAkFC;AAMD,4CAA4C;AAC5C,oBAAoB;AACpB,oCAAoC;AACpC,oCAAoC;AACpC,4BAA4B;AAC5B,IAAI;AAEJ,2CAA2C;AAC3C,oBAAoB;AACpB,mCAAmC;AACnC,mCAAmC;AACnC,2BAA2B;AAC3B,IAAI;AACJ,uCAAuC;AACvC,mBAAmB;AACnB,2BAA2B;AAC3B,2CAA2C;AAC3C,KAAK;AAEL,wCAAwC;AACxC,oBAAoB;AACpB,uBAAuB;AACvB,sCAAsC;AACtC,0BAA0B;AAC1B,KAAK;AAEL,sCAAsC;AACtC,oBAAoB;AACpB,6BAA6B;AAC7B,oCAAoC;AACpC,yBAAyB;AACzB,IAAI;AAEJ,qCAAqC;AACrC,oBAAoB;AACpB,4BAA4B;AAC5B,mCAAmC;AACnC,wBAAwB;AACxB,IAAI","sourcesContent":["import { FastifyInstance, RouteOptions } from \"fastify\";\nimport * as goodController from '../controllers/goodController'\nimport getGoodResponseSchema from '../schemas/good.get.response.json'\nimport addUpdateDeleteGoodResponseSchema from '../schemas/add.update.delete.response.json'\nimport GoodRequestSchema from '../schemas/good.request.json'\nimport * as auths from \"../services/auths\";\nexport default async function goodRoutes(fastify:FastifyInstance) {\n\n  fastify.get(\"/\",{\n\tschema:{\n\t\tdescription: 'Gets all goods',\n\t\ttags: ['good'],\n\t\tsummary: 'Gets all goods',\n\t\tresponse: {\n\t\t\t 200: getGoodResponseSchema\n\t\t}\n\t  },\n\t  handler: goodController.getAllGoods\n\t})\n\n  fastify.get(\"/:id\",{\n    schema:{\n      description: 'Gets a single good by id',\n\t\t\ttags: ['good'],\n\t\t\tsummary: 'Gets good by Id',\n\t\t\tparams: {\n\t\t\t\ttype: 'object',\n\t\t\t\tproperties: {\n\t\t\t\t\tid: {\n\t\t\t\t\t\ttype: 'string',\n\t\t\t\t\t\tdescription: 'id of good'\n\t\t\t\t\t}\n\t\t\t\t}\n\t\t\t}\n\t\t\t,\n\t\t\tresponse: {\n\t\t\t\t200: getGoodResponseSchema\n\t\t\t}\n    },\n    handler: goodController.getGoodById\n  })\n  \n  fastify.post(\"/\",{\n\t  schema:{\n\t\tdescription: 'Add single good',\n\t\ttags: ['good'],\n\t\tbody: GoodRequestSchema,\n\t\tresponse: {\n\t\t\t201: addUpdateDeleteGoodResponseSchema\n\t\t}\n\t  },\n\t  preHandler: [\n\t\t  auths.auctioneerAuthPolicy\n\t  ],\n\t  handler: goodController.addGood\n  })\n\n   \n  fastify.patch(\"/:id\",{\n\tschema:{\n\t\tdescription: 'Update good by id',\n\t\ttags: ['good'],\n\t\tbody: GoodRequestSchema,\n\t\tresponse: {\n\t\t\t200: addUpdateDeleteGoodResponseSchema\n\t\t}\n\t},\n\tpreHandler: [\n\t\tauths.auctioneerAuthPolicy\n\t],\n\thandler: goodController.updateGoodById\n  })\n\n  fastify.delete(\"/:id\",{\n\t  schema:{\n\t\tdescription: 'Delete good by id',\n\t\ttags: ['good'],\n\t\tresponse: {\n\t\t\t200: addUpdateDeleteGoodResponseSchema\n\t\t}\n\t  },\n\t  preHandler:[\n\t\t  auths.auctioneerAuthPolicy\n\t  ],\n\t  handler: goodController.deleteGoodById\n\n  })\n\n}\n\n\n\n\n\n// const bidderSignupRoute: RouteOptions = {\n//   method: 'POST',\n//   url: '/api/auth/bidder/signup',\n//   handler: authController.signup,\n//   // schema: SignupSchema\n// }\n\n// const bidderLoginRoute: RouteOptions = {\n//   method: 'POST',\n//   url: '/api/auth/bidder/login',\n//   handler: authController.login,\n//   // schema: LoginSchema\n// }\n// const getUserRoute: RouteOptions = {\n//   method: 'GET',\n//   url: '/api/users/:id',\n//   handler: usersController.getSingleUser\n// };\n\n// const postUserRoute: RouteOptions = {\n//   method: 'POST',\n//   url: '/api/users',\n//   handler: usersController.addUser,\n//   schema: AddUserSchema\n// };\n\n// const signupRoute: RouteOptions = {\n//   method: 'POST',\n//   url: '/api/auth/signup',\n//   handler: authController.signup,\n//   schema: SignupSchema\n// }\n\n// const loginRoute: RouteOptions = {\n//   method: 'POST',\n//   url: '/api/auth/login',\n//   handler: authController.login,\n//   schema: LoginSchema\n// }\n"]},"_coverageSchema":"1a1c01bbd47fc00a2c39e90264f33305004495a9","hash":"055e818bbed04344fc1f930c54422cba44bd48e1","contentHash":"2bc86da09bfef68a8a9532f360d32370b8be2e183f474cbf3092aaebf24723dd"},"/Users/kainingxin/NodeJsWorkplace/auction/src/controllers/goodController.ts":{"path":"/Users/kainingxin/NodeJsWorkplace/auction/src/controllers/goodController.ts","statementMap":{"0":{"start":{"line":2,"column":22},"end":{"line":8,"column":3}},"1":{"start":{"line":3,"column":4},"end":{"line":3,"column":33}},"2":{"start":{"line":3,"column":26},"end":{"line":3,"column":33}},"3":{"start":{"line":4,"column":4},"end":{"line":4,"column":89}},"4":{"start":{"line":4,"column":71},"end":{"line":4,"column":83}},"5":{"start":{"line":6,"column":4},"end":{"line":6,"column":33}},"6":{"start":{"line":6,"column":26},"end":{"line":6,"column":33}},"7":{"start":{"line":7,"column":4},"end":{"line":7,"column":17}},"8":{"start":{"line":9,"column":25},"end":{"line":13,"column":2}},"9":{"start":{"line":10,"column":4},"end":{"line":10,"column":72}},"10":{"start":{"line":12,"column":4},"end":{"line":12,"column":21}},"11":{"start":{"line":14,"column":19},"end":{"line":20,"column":1}},"12":{"start":{"line":15,"column":4},"end":{"line":15,"column":42}},"13":{"start":{"line":15,"column":31},"end":{"line":15,"column":42}},"14":{"start":{"line":16,"column":17},"end":{"line":16,"column":19}},"15":{"start":{"line":17,"column":4},"end":{"line":17,"column":141}},"16":{"start":{"line":17,"column":21},"end":{"line":17,"column":141}},"17":{"start":{"line":17,"column":40},"end":{"line":17,"column":141}},"18":{"start":{"line":17,"column":109},"end":{"line":17,"column":141}},"19":{"start":{"line":18,"column":4},"end":{"line":18,"column":36}},"20":{"start":{"line":19,"column":4},"end":{"line":19,"column":18}},"21":{"start":{"line":21,"column":22},"end":{"line":23,"column":1}},"22":{"start":{"line":22,"column":4},"end":{"line":22,"column":62}},"23":{"start":{"line":24,"column":0},"end":{"line":24,"column":62}},"24":{"start":{"line":25,"column":0},"end":{"line":25,"column":119}},"25":{"start":{"line":26,"column":27},"end":{"line":26,"column":85}},"26":{"start":{"line":27,"column":28},"end":{"line":27,"column":56}},"27":{"start":{"line":28,"column":20},"end":{"line":28,"column":69}},"28":{"start":{"line":29,"column":23},"end":{"line":29,"column":60}},"29":{"start":{"line":30,"column":18},"end":{"line":30,"column":43}},"30":{"start":{"line":36,"column":20},"end":{"line":47,"column":1}},"31":{"start":{"line":37,"column":4},"end":{"line":46,"column":5}},"32":{"start":{"line":38,"column":8},"end":{"line":38,"column":49}},"33":{"start":{"line":39,"column":8},"end":{"line":42,"column":11}},"34":{"start":{"line":40,"column":12},"end":{"line":40,"column":80}},"35":{"start":{"line":41,"column":12},"end":{"line":41,"column":122}},"36":{"start":{"line":45,"column":8},"end":{"line":45,"column":55}},"37":{"start":{"line":48,"column":0},"end":{"line":48,"column":34}},"38":{"start":{"line":54,"column":20},"end":{"line":65,"column":1}},"39":{"start":{"line":55,"column":4},"end":{"line":64,"column":5}},"40":{"start":{"line":56,"column":8},"end":{"line":56,"column":68}},"41":{"start":{"line":57,"column":8},"end":{"line":60,"column":11}},"42":{"start":{"line":58,"column":12},"end":{"line":58,"column":73}},"43":{"start":{"line":59,"column":12},"end":{"line":59,"column":124}},"44":{"start":{"line":63,"column":8},"end":{"line":63,"column":90}},"45":{"start":{"line":66,"column":0},"end":{"line":66,"column":34}},"46":{"start":{"line":73,"column":16},"end":{"line":79,"column":1}},"47":{"start":{"line":74,"column":4},"end":{"line":74,"column":60}},"48":{"start":{"line":75,"column":4},"end":{"line":78,"column":7}},"49":{"start":{"line":76,"column":8},"end":{"line":76,"column":61}},"50":{"start":{"line":77,"column":8},"end":{"line":77,"column":138}},"51":{"start":{"line":80,"column":0},"end":{"line":80,"column":26}},"52":{"start":{"line":86,"column":23},"end":{"line":97,"column":1}},"53":{"start":{"line":87,"column":4},"end":{"line":96,"column":5}},"54":{"start":{"line":88,"column":8},"end":{"line":88,"column":63}},"55":{"start":{"line":89,"column":8},"end":{"line":92,"column":11}},"56":{"start":{"line":90,"column":12},"end":{"line":90,"column":71}},"57":{"start":{"line":91,"column":12},"end":{"line":91,"column":143}},"58":{"start":{"line":95,"column":8},"end":{"line":95,"column":55}},"59":{"start":{"line":98,"column":0},"end":{"line":98,"column":40}},"60":{"start":{"line":104,"column":23},"end":{"line":110,"column":1}},"61":{"start":{"line":105,"column":4},"end":{"line":105,"column":59}},"62":{"start":{"line":106,"column":4},"end":{"line":109,"column":7}},"63":{"start":{"line":107,"column":8},"end":{"line":107,"column":67}},"64":{"start":{"line":108,"column":8},"end":{"line":108,"column":143}},"65":{"start":{"line":111,"column":0},"end":{"line":111,"column":40}}},"fnMap":{"0":{"name":"(anonymous_0)","decl":{"start":{"line":2,"column":74},"end":{"line":2,"column":75}},"loc":{"start":{"line":2,"column":96},"end":{"line":5,"column":1}},"line":2},"1":{"name":"(anonymous_1)","decl":{"start":{"line":4,"column":58},"end":{"line":4,"column":59}},"loc":{"start":{"line":4,"column":69},"end":{"line":4,"column":85}},"line":4},"2":{"name":"(anonymous_2)","decl":{"start":{"line":5,"column":6},"end":{"line":5,"column":7}},"loc":{"start":{"line":5,"column":28},"end":{"line":8,"column":1}},"line":5},"3":{"name":"(anonymous_3)","decl":{"start":{"line":9,"column":80},"end":{"line":9,"column":81}},"loc":{"start":{"line":9,"column":95},"end":{"line":11,"column":1}},"line":9},"4":{"name":"(anonymous_4)","decl":{"start":{"line":11,"column":5},"end":{"line":11,"column":6}},"loc":{"start":{"line":11,"column":20},"end":{"line":13,"column":1}},"line":11},"5":{"name":"(anonymous_5)","decl":{"start":{"line":14,"column":50},"end":{"line":14,"column":51}},"loc":{"start":{"line":14,"column":65},"end":{"line":20,"column":1}},"line":14},"6":{"name":"(anonymous_6)","decl":{"start":{"line":21,"column":56},"end":{"line":21,"column":57}},"loc":{"start":{"line":21,"column":71},"end":{"line":23,"column":1}},"line":21},"7":{"name":"(anonymous_7)","decl":{"start":{"line":36,"column":20},"end":{"line":36,"column":21}},"loc":{"start":{"line":36,"column":36},"end":{"line":47,"column":1}},"line":36},"8":{"name":"(anonymous_8)","decl":{"start":{"line":39,"column":40},"end":{"line":39,"column":41}},"loc":{"start":{"line":39,"column":49},"end":{"line":42,"column":9}},"line":39},"9":{"name":"(anonymous_9)","decl":{"start":{"line":54,"column":20},"end":{"line":54,"column":21}},"loc":{"start":{"line":54,"column":36},"end":{"line":65,"column":1}},"line":54},"10":{"name":"(anonymous_10)","decl":{"start":{"line":57,"column":53},"end":{"line":57,"column":54}},"loc":{"start":{"line":57,"column":62},"end":{"line":60,"column":9}},"line":57},"11":{"name":"(anonymous_11)","decl":{"start":{"line":73,"column":16},"end":{"line":73,"column":17}},"loc":{"start":{"line":73,"column":32},"end":{"line":79,"column":1}},"line":73},"12":{"name":"(anonymous_12)","decl":{"start":{"line":75,"column":39},"end":{"line":75,"column":40}},"loc":{"start":{"line":75,"column":48},"end":{"line":78,"column":5}},"line":75},"13":{"name":"(anonymous_13)","decl":{"start":{"line":86,"column":23},"end":{"line":86,"column":24}},"loc":{"start":{"line":86,"column":39},"end":{"line":97,"column":1}},"line":86},"14":{"name":"(anonymous_14)","decl":{"start":{"line":89,"column":65},"end":{"line":89,"column":66}},"loc":{"start":{"line":89,"column":74},"end":{"line":92,"column":9}},"line":89},"15":{"name":"(anonymous_15)","decl":{"start":{"line":104,"column":23},"end":{"line":104,"column":24}},"loc":{"start":{"line":104,"column":39},"end":{"line":110,"column":1}},"line":104},"16":{"name":"(anonymous_16)","decl":{"start":{"line":106,"column":51},"end":{"line":106,"column":52}},"loc":{"start":{"line":106,"column":57},"end":{"line":109,"column":5}},"line":106}},"branchMap":{"0":{"loc":{"start":{"line":2,"column":22},"end":{"line":8,"column":3}},"type":"binary-expr","locations":[{"start":{"line":2,"column":23},"end":{"line":2,"column":27}},{"start":{"line":2,"column":31},"end":{"line":2,"column":51}},{"start":{"line":2,"column":57},"end":{"line":8,"column":2}}],"line":2},"1":{"loc":{"start":{"line":2,"column":57},"end":{"line":8,"column":2}},"type":"cond-expr","locations":[{"start":{"line":2,"column":74},"end":{"line":5,"column":1}},{"start":{"line":5,"column":6},"end":{"line":8,"column":1}}],"line":2},"2":{"loc":{"start":{"line":3,"column":4},"end":{"line":3,"column":33}},"type":"if","locations":[{"start":{"line":3,"column":4},"end":{"line":3,"column":33}},{"start":{"line":3,"column":4},"end":{"line":3,"column":33}}],"line":3},"3":{"loc":{"start":{"line":6,"column":4},"end":{"line":6,"column":33}},"type":"if","locations":[{"start":{"line":6,"column":4},"end":{"line":6,"column":33}},{"start":{"line":6,"column":4},"end":{"line":6,"column":33}}],"line":6},"4":{"loc":{"start":{"line":9,"column":25},"end":{"line":13,"column":2}},"type":"binary-expr","locations":[{"start":{"line":9,"column":26},"end":{"line":9,"column":30}},{"start":{"line":9,"column":34},"end":{"line":9,"column":57}},{"start":{"line":9,"column":63},"end":{"line":13,"column":1}}],"line":9},"5":{"loc":{"start":{"line":9,"column":63},"end":{"line":13,"column":1}},"type":"cond-expr","locations":[{"start":{"line":9,"column":80},"end":{"line":11,"column":1}},{"start":{"line":11,"column":5},"end":{"line":13,"column":1}}],"line":9},"6":{"loc":{"start":{"line":14,"column":19},"end":{"line":20,"column":1}},"type":"binary-expr","locations":[{"start":{"line":14,"column":20},"end":{"line":14,"column":24}},{"start":{"line":14,"column":28},"end":{"line":14,"column":45}},{"start":{"line":14,"column":50},"end":{"line":20,"column":1}}],"line":14},"7":{"loc":{"start":{"line":15,"column":4},"end":{"line":15,"column":42}},"type":"if","locations":[{"start":{"line":15,"column":4},"end":{"line":15,"column":42}},{"start":{"line":15,"column":4},"end":{"line":15,"column":42}}],"line":15},"8":{"loc":{"start":{"line":15,"column":8},"end":{"line":15,"column":29}},"type":"binary-expr","locations":[{"start":{"line":15,"column":8},"end":{"line":15,"column":11}},{"start":{"line":15,"column":15},"end":{"line":15,"column":29}}],"line":15},"9":{"loc":{"start":{"line":17,"column":4},"end":{"line":17,"column":141}},"type":"if","locations":[{"start":{"line":17,"column":4},"end":{"line":17,"column":141}},{"start":{"line":17,"column":4},"end":{"line":17,"column":141}}],"line":17},"10":{"loc":{"start":{"line":17,"column":40},"end":{"line":17,"column":141}},"type":"if","locations":[{"start":{"line":17,"column":40},"end":{"line":17,"column":141}},{"start":{"line":17,"column":40},"end":{"line":17,"column":141}}],"line":17},"11":{"loc":{"start":{"line":17,"column":44},"end":{"line":17,"column":107}},"type":"binary-expr","locations":[{"start":{"line":17,"column":44},"end":{"line":17,"column":59}},{"start":{"line":17,"column":63},"end":{"line":17,"column":107}}],"line":17},"12":{"loc":{"start":{"line":21,"column":22},"end":{"line":23,"column":1}},"type":"binary-expr","locations":[{"start":{"line":21,"column":23},"end":{"line":21,"column":27}},{"start":{"line":21,"column":31},"end":{"line":21,"column":51}},{"start":{"line":21,"column":56},"end":{"line":23,"column":1}}],"line":21},"13":{"loc":{"start":{"line":22,"column":11},"end":{"line":22,"column":61}},"type":"cond-expr","locations":[{"start":{"line":22,"column":37},"end":{"line":22,"column":40}},{"start":{"line":22,"column":43},"end":{"line":22,"column":61}}],"line":22},"14":{"loc":{"start":{"line":22,"column":12},"end":{"line":22,"column":33}},"type":"binary-expr","locations":[{"start":{"line":22,"column":12},"end":{"line":22,"column":15}},{"start":{"line":22,"column":19},"end":{"line":22,"column":33}}],"line":22}},"s":{"0":1,"1":0,"2":0,"3":0,"4":0,"5":0,"6":0,"7":0,"8":1,"9":0,"10":0,"11":1,"12":1,"13":1,"14":0,"15":0,"16":0,"17":0,"18":0,"19":0,"20":0,"21":1,"22":1,"23":1,"24":1,"25":1,"26":1,"27":1,"28":1,"29":1,"30":1,"31":1,"32":1,"33":1,"34":1,"35":1,"36":0,"37":1,"38":1,"39":1,"40":1,"41":1,"42":1,"43":1,"44":0,"45":1,"46":1,"47":0,"48":0,"49":0,"50":0,"51":1,"52":1,"53":0,"54":0,"55":0,"56":0,"57":0,"58":0,"59":1,"60":1,"61":0,"62":0,"63":0,"64":0,"65":1},"f":{"0":0,"1":0,"2":0,"3":0,"4":0,"5":1,"6":1,"7":1,"8":1,"9":1,"10":1,"11":0,"12":0,"13":0,"14":0,"15":0,"16":0},"b":{"0":[1,1,1],"1":[1,0],"2":[0,0],"3":[0,0],"4":[1,1,1],"5":[1,0],"6":[1,1,1],"7":[1,0],"8":[1,1],"9":[0,0],"10":[0,0],"11":[0,0],"12":[1,1,1],"13":[1,0],"14":[1,1]},"inputSourceMap":{"version":3,"file":"/Users/kainingxin/NodeJsWorkplace/auction/src/controllers/goodController.ts","sources":["/Users/kainingxin/NodeJsWorkplace/auction/src/controllers/goodController.ts"],"names":[],"mappings":";;;;;;;;;;;;;;;;;;;;;;;;;AACA,sFAA8D;AAC9D,yDAAgD;AAEhD,sEAAwD;AACxD,6DAAiE;AACjE,4CAAqC;AAErC;;;;GAIG;AACI,MAAM,WAAW,GAAI,CAAC,GAAmB,EAAE,KAAmB,EAAE,EAAE;IACxE,IAAG;QACF,aAAG,CAAC,GAAG,CAAC,IAAI,CAAC,gBAAgB,CAAC,CAAA;QAC7B,WAAW,CAAC,YAAY,EAAE,CAAC,IAAI,CAAC,KAAK,CAAC,EAAE;YACxC,aAAG,CAAC,GAAG,CAAC,IAAI,CAAC,uBAAuB,KAAK,CAAC,MAAM,QAAQ,CAAC,CAAA;YACzD,KAAK,CAAC,IAAI,CAAC,GAAG,CAAC,CAAC,IAAI,CAAC,IAAI,0BAAgB,CAAC,+BAAW,CAAC,EAAE,EAAC,YAAY,EAAC,KAAK,CAAC,CAAC,CAAA;QAAA,CAAC,CAAC,CAAC;KACjF;IAAA,WAAK;QACL,MAAM,IAAI,kCAAmB,EAAE,CAAA;KAC/B;AACF,CAAC,CAAA;AATY,QAAA,WAAW,eASvB;AAED;;;;GAIG;AACI,MAAM,WAAW,GAAI,CAAC,GAA0C,EAAE,KAAmB,EAAE,EAAE;IAC/F,IAAG;QACF,aAAG,CAAC,GAAG,CAAC,IAAI,CAAC,oBAAoB,GAAG,CAAC,MAAM,CAAC,EAAE,EAAE,CAAE,CAAA;QACjD,WAAW,CAAC,YAAY,CAAC,GAAG,CAAC,MAAM,CAAC,EAAE,CAAC,CAAC,IAAI,CAAC,KAAK,CAAC,EAAE;YACrD,aAAG,CAAC,GAAG,CAAC,IAAI,CAAC,gBAAgB,KAAK,CAAC,GAAG,WAAW,CAAC,CAAA;YACjD,KAAK,CAAC,IAAI,CAAC,GAAG,CAAC,CAAC,IAAI,CAAC,IAAI,0BAAgB,CAAC,+BAAW,CAAC,EAAE,EAAC,YAAY,EAAC,CAAC,KAAK,CAAC,CAAC,CAAC,CAAA;QAAA,CAAC,CAAC,CAAA;KACnF;IAAA,WAAK;QACL,MAAM,IAAI,kCAAmB,CAAC,oBAAoB,GAAG,CAAC,MAAM,CAAC,EAAE,EAAE,CAAC,CAAA;KAClE;AACF,CAAC,CAAA;AATY,QAAA,WAAW,eASvB;AAED;;;;;GAKG;AACI,MAAM,OAAO,GAAI,CAAC,GAAgC,EAAE,KAAmB,EAAE,EAAE;IACjF,aAAG,CAAC,GAAG,CAAC,IAAI,CAAC,YAAY,GAAG,CAAC,IAAI,CAAC,QAAQ,EAAE,CAAC,CAAA;IAC7C,WAAW,CAAC,OAAO,CAAC,GAAG,CAAC,IAAI,CAAC,CAAC,IAAI,CAAC,KAAK,CAAC,EAAE;QAC1C,aAAG,CAAC,GAAG,CAAC,IAAI,CAAC,QAAQ,KAAK,CAAC,GAAG,WAAW,CAAE,CAAA;QAC3C,KAAK,CAAC,IAAI,CAAC,GAAG,CAAC,CAAC,IAAI,CAAC,IAAI,0BAAgB,CAAC,+BAAW,CAAC,OAAO,EAAC,qBAAqB,EAAC,CAAC,KAAK,CAAC,GAAG,CAAC,CAAC,CAAC,CAAA;IAAA,CAAC,CAAC,CAAA;AACrG,CAAC,CAAA;AALY,QAAA,OAAO,WAKnB;AAED;;;;GAIG;AACI,MAAM,cAAc,GAAI,CAAC,GAAmD,EAAE,KAAmB,EAAE,EAAE;IAC3G,IAAG;QACF,aAAG,CAAC,GAAG,CAAC,IAAI,CAAC,eAAe,GAAG,CAAC,MAAM,CAAC,EAAE,EAAE,CAAE,CAAA;QAC7C,WAAW,CAAC,cAAc,CAAC,GAAG,CAAC,MAAM,CAAC,EAAE,EAAC,GAAG,CAAC,IAAI,CAAC,CAAC,IAAI,CAAC,KAAK,CAAC,EAAE;YAC/D,aAAG,CAAC,GAAG,CAAC,IAAI,CAAC,QAAQ,GAAG,CAAC,MAAM,CAAC,EAAE,aAAa,CAAE,CAAA;YACjD,KAAK,CAAC,IAAI,CAAC,GAAG,CAAC,CAAC,IAAI,CAAC,IAAI,0BAAgB,CAAC,+BAAW,CAAC,EAAE,EAAC,uBAAuB,EAAC,CAAC,GAAG,CAAC,MAAM,CAAC,EAAE,CAAC,CAAC,CAAC,CAAA;QAAA,CAAC,CAAC,CAAA;KACrG;IAAA,WAAK;QACL,MAAM,IAAI,kCAAmB,EAAE,CAAA;KAC/B;AACF,CAAC,CAAA;AATY,QAAA,cAAc,kBAS1B;AAED;;;;GAIG;AACI,MAAM,cAAc,GAAK,CAAC,GAAyC,EAAE,KAAmB,EAAE,EAAE;IAClG,aAAG,CAAC,GAAG,CAAC,IAAI,CAAC,eAAe,GAAG,CAAC,MAAM,CAAC,EAAE,EAAE,CAAE,CAAA;IAC7C,WAAW,CAAC,cAAc,CAAC,GAAG,CAAC,MAAM,CAAC,EAAE,CAAC,CAAC,IAAI,CAAC,GAAG,EAAE;QACnD,aAAG,CAAC,GAAG,CAAC,IAAI,CAAC,QAAQ,GAAG,CAAC,MAAM,CAAC,EAAE,aAAa,CAAE,CAAA;QACjD,KAAK,CAAC,IAAI,CAAC,GAAG,CAAC,CAAC,IAAI,CAAC,IAAI,0BAAgB,CAAC,+BAAW,CAAC,iBAAiB,EAAC,uBAAuB,EAAC,IAAI,CAAC,CAAC,CAAA;IAAA,CAAC,CACtG,CAAA;AACH,CAAC,CAAA;AANY,QAAA,cAAc,kBAM1B","sourcesContent":["import { FastifyRequest, FastifyReply } from \"fastify\";\nimport ResponseTemplate from \"../models/oth/responseTemplate\";\nimport { StatusCodes } from \"http-status-codes\";\nimport { Good } from \"../models/good\";\nimport * as goodService from \"../services/goodsService\";\nimport { EntityNotFoundError } from \"../models/oth/customErrors\";\nimport { app } from \"../lib/fastify\";\n\n/**\n * Get all goods\n * @param req \n * @param reply \n */\nexport const getAllGoods =  (req: FastifyRequest, reply: FastifyReply) => {\n\ttry{\n\t\tapp.log.info(`Find all goods`)\n\t\t goodService.findAllGoods().then(value =>  {\n\t\t\tapp.log.info(`Goods retrived with ${value.length} items`)\n\t\t\treply.code(200).send(new ResponseTemplate(StatusCodes.OK,\"Good found\",value))});\n\t}catch{\n\t\tthrow new EntityNotFoundError()\n\t}\n}\n\n/**\n * Get good by id\n * @param req \n * @param reply \n */\nexport const getGoodById =  (req: FastifyRequest<{Params: {id:string}}>, reply: FastifyReply) => {\n\ttry{\n\t\tapp.log.info(`Get good by id : ${req.params.id}` )\n\t\t goodService.findGoodById(req.params.id).then(value =>  {\n\t\t\tapp.log.info(`Good with id ${value._id} retrived`)\n\t\t\t reply.code(200).send(new ResponseTemplate(StatusCodes.OK,\"Good found\",[value]))})\n\t}catch{\n\t\tthrow new EntityNotFoundError(`Good not found : ${req.params.id}`)\n\t}\t\n}\n \n/**\n * Add good by id\n * @param req \n * @param reply \n * @returns \n */\nexport const addGood =  (req: FastifyRequest<{Body:Good}>, reply: FastifyReply) => {\n\tapp.log.info(`Add good ${req.body.goodName}`)\n\tgoodService.addGood(req.body).then(value => {\n\t\tapp.log.info(`Good ${value._id} is added` )\n\t\treply.code(200).send(new ResponseTemplate(StatusCodes.CREATED,\"Good has been added\",[value._id]))})\n}\n\n/**\n * update good\n * @param req \n * @param reply \n */\nexport const updateGoodById =  (req: FastifyRequest<{Params:{id:string},Body:Good}>, reply: FastifyReply) => {\n\ttry{\n\t\tapp.log.info(`Update good ${req.params.id}` )\n\t\tgoodService.updateGoodById(req.params.id,req.body).then(value => {\n\t\t\tapp.log.info(`Good ${req.params.id} is updated` )\n\t\t\treply.code(200).send(new ResponseTemplate(StatusCodes.OK,\"Good has been updated\",[req.params.id]))})\n\t}catch{\n\t\tthrow new EntityNotFoundError()\n\t}\n}\n\n/**\n * Delete good by od\n * @param req \n * @param reply \n */\nexport const deleteGoodById =   (req: FastifyRequest<{Params:{id:string}}>, reply: FastifyReply) =>{\n\tapp.log.info(`Delete good ${req.params.id}` )\n\tgoodService.deleteGoodById(req.params.id).then(() => {\n\t\tapp.log.info(`Good ${req.params.id} is deleted` )\n\t\treply.code(200).send(new ResponseTemplate(StatusCodes.MOVED_PERMANENTLY,\"Good has been deleted\",null))}\n\t\t)\n}\n\n\n\n\n\n"]},"_coverageSchema":"1a1c01bbd47fc00a2c39e90264f33305004495a9","hash":"29139efe8e758cec0b6ba1f0d552c7431a866f4d","contentHash":"99459b1c4efa0121b5986354042469c0d79b9bc3d8ddd67555744d4b7c06fad2"},"/Users/kainingxin/NodeJsWorkplace/auction/src/models/oth/responseTemplate.ts":{"path":"/Users/kainingxin/NodeJsWorkplace/auction/src/models/oth/responseTemplate.ts","statementMap":{"0":{"start":{"line":2,"column":0},"end":{"line":2,"column":62}},"1":{"start":{"line":5,"column":8},"end":{"line":5,"column":25}},"2":{"start":{"line":6,"column":8},"end":{"line":6,"column":23}},"3":{"start":{"line":7,"column":8},"end":{"line":7,"column":25}},"4":{"start":{"line":10,"column":0},"end":{"line":10,"column":35}}},"fnMap":{"0":{"name":"(anonymous_0)","decl":{"start":{"line":4,"column":4},"end":{"line":4,"column":5}},"loc":{"start":{"line":4,"column":33},"end":{"line":8,"column":5}},"line":4}},"branchMap":{},"s":{"0":1,"1":5,"2":5,"3":5,"4":1},"f":{"0":5},"b":{},"inputSourceMap":{"version":3,"file":"/Users/kainingxin/NodeJsWorkplace/auction/src/models/oth/responseTemplate.ts","sources":["/Users/kainingxin/NodeJsWorkplace/auction/src/models/oth/responseTemplate.ts"],"names":[],"mappings":";;AAGA,MAAqB,gBAAgB;IAKjC,YAAY,IAAgB,EAAE,GAAW,EAAE,IAAQ;QAC/C,IAAI,CAAC,IAAI,GAAG,IAAI,CAAC;QACjB,IAAI,CAAC,GAAG,GAAG,GAAG,CAAC;QACf,IAAI,CAAC,IAAI,GAAG,IAAI,CAAC;IACrB,CAAC;CACJ;AAVD,mCAUC","sourcesContent":["import c from 'config';\nimport {StatusCodes} from 'http-status-codes';\n\nexport default class ResponseTemplate{\n    code: StatusCodes;\n    msg: string;\n    data?: any;\n\n    constructor(code:StatusCodes, msg: string, data:any){\n        this.code = code;\n        this.msg = msg;\n        this.data = data;\n    }\n}"]},"_coverageSchema":"1a1c01bbd47fc00a2c39e90264f33305004495a9","hash":"97589bac4a7a3d1cdeb179525f12379aac6805c9","contentHash":"33b037e8d8333900c2fda61ed01cc4229e3a4330cdf5ce47580104454e7bf851"},"/Users/kainingxin/NodeJsWorkplace/auction/src/services/goodsService.ts":{"path":"/Users/kainingxin/NodeJsWorkplace/auction/src/services/goodsService.ts","statementMap":{"0":{"start":{"line":2,"column":22},"end":{"line":4,"column":1}},"1":{"start":{"line":3,"column":4},"end":{"line":3,"column":62}},"2":{"start":{"line":5,"column":0},"end":{"line":5,"column":62}},"3":{"start":{"line":6,"column":0},"end":{"line":6,"column":121}},"4":{"start":{"line":7,"column":15},"end":{"line":7,"column":57}},"5":{"start":{"line":8,"column":17},"end":{"line":8,"column":61}},"6":{"start":{"line":9,"column":23},"end":{"line":9,"column":60}},"7":{"start":{"line":10,"column":21},"end":{"line":10,"column":60}},"8":{"start":{"line":10,"column":33},"end":{"line":10,"column":60}},"9":{"start":{"line":11,"column":0},"end":{"line":11,"column":36}},"10":{"start":{"line":12,"column":21},"end":{"line":12,"column":68}},"11":{"start":{"line":12,"column":35},"end":{"line":12,"column":68}},"12":{"start":{"line":13,"column":0},"end":{"line":13,"column":36}},"13":{"start":{"line":14,"column":16},"end":{"line":18,"column":1}},"14":{"start":{"line":15,"column":4},"end":{"line":16,"column":33}},"15":{"start":{"line":16,"column":8},"end":{"line":16,"column":33}},"16":{"start":{"line":17,"column":4},"end":{"line":17,"column":45}},"17":{"start":{"line":19,"column":0},"end":{"line":19,"column":26}},"18":{"start":{"line":20,"column":23},"end":{"line":20,"column":107}},"19":{"start":{"line":20,"column":43},"end":{"line":20,"column":107}},"20":{"start":{"line":21,"column":0},"end":{"line":21,"column":40}},"21":{"start":{"line":22,"column":23},"end":{"line":22,"column":80}},"22":{"start":{"line":22,"column":37},"end":{"line":22,"column":80}},"23":{"start":{"line":23,"column":0},"end":{"line":23,"column":40}},"24":{"start":{"line":24,"column":21},"end":{"line":29,"column":1}},"25":{"start":{"line":25,"column":18},"end":{"line":25,"column":53}},"26":{"start":{"line":26,"column":4},"end":{"line":28,"column":5}},"27":{"start":{"line":27,"column":8},"end":{"line":27,"column":86}}},"fnMap":{"0":{"name":"(anonymous_0)","decl":{"start":{"line":2,"column":56},"end":{"line":2,"column":57}},"loc":{"start":{"line":2,"column":71},"end":{"line":4,"column":1}},"line":2},"1":{"name":"(anonymous_1)","decl":{"start":{"line":10,"column":21},"end":{"line":10,"column":22}},"loc":{"start":{"line":10,"column":33},"end":{"line":10,"column":60}},"line":10},"2":{"name":"(anonymous_2)","decl":{"start":{"line":12,"column":21},"end":{"line":12,"column":22}},"loc":{"start":{"line":12,"column":35},"end":{"line":12,"column":68}},"line":12},"3":{"name":"(anonymous_3)","decl":{"start":{"line":14,"column":16},"end":{"line":14,"column":17}},"loc":{"start":{"line":14,"column":32},"end":{"line":18,"column":1}},"line":14},"4":{"name":"(anonymous_4)","decl":{"start":{"line":20,"column":23},"end":{"line":20,"column":24}},"loc":{"start":{"line":20,"column":43},"end":{"line":20,"column":107}},"line":20},"5":{"name":"(anonymous_5)","decl":{"start":{"line":22,"column":23},"end":{"line":22,"column":24}},"loc":{"start":{"line":22,"column":37},"end":{"line":22,"column":80}},"line":22},"6":{"name":"(anonymous_6)","decl":{"start":{"line":24,"column":21},"end":{"line":24,"column":22}},"loc":{"start":{"line":24,"column":41},"end":{"line":29,"column":1}},"line":24}},"branchMap":{"0":{"loc":{"start":{"line":2,"column":22},"end":{"line":4,"column":1}},"type":"binary-expr","locations":[{"start":{"line":2,"column":23},"end":{"line":2,"column":27}},{"start":{"line":2,"column":31},"end":{"line":2,"column":51}},{"start":{"line":2,"column":56},"end":{"line":4,"column":1}}],"line":2},"1":{"loc":{"start":{"line":3,"column":11},"end":{"line":3,"column":61}},"type":"cond-expr","locations":[{"start":{"line":3,"column":37},"end":{"line":3,"column":40}},{"start":{"line":3,"column":43},"end":{"line":3,"column":61}}],"line":3},"2":{"loc":{"start":{"line":3,"column":12},"end":{"line":3,"column":33}},"type":"binary-expr","locations":[{"start":{"line":3,"column":12},"end":{"line":3,"column":15}},{"start":{"line":3,"column":19},"end":{"line":3,"column":33}}],"line":3},"3":{"loc":{"start":{"line":15,"column":4},"end":{"line":16,"column":33}},"type":"if","locations":[{"start":{"line":15,"column":4},"end":{"line":16,"column":33}},{"start":{"line":15,"column":4},"end":{"line":16,"column":33}}],"line":15},"4":{"loc":{"start":{"line":26,"column":4},"end":{"line":28,"column":5}},"type":"if","locations":[{"start":{"line":26,"column":4},"end":{"line":28,"column":5}},{"start":{"line":26,"column":4},"end":{"line":28,"column":5}}],"line":26}},"s":{"0":1,"1":2,"2":1,"3":1,"4":1,"5":1,"6":1,"7":1,"8":2,"9":1,"10":1,"11":3,"12":1,"13":1,"14":1,"15":0,"16":1,"17":1,"18":1,"19":1,"20":1,"21":1,"22":1,"23":1,"24":1,"25":0,"26":0,"27":0},"f":{"0":2,"1":2,"2":3,"3":1,"4":1,"5":1,"6":0},"b":{"0":[1,1,1],"1":[2,0],"2":[2,2],"3":[0,1],"4":[0,0]},"inputSourceMap":{"version":3,"file":"/Users/kainingxin/NodeJsWorkplace/auction/src/services/goodsService.ts","sources":["/Users/kainingxin/NodeJsWorkplace/auction/src/services/goodsService.ts"],"names":[],"mappings":";;;;;;AACA,0DAAkD;AAClD,8DAA2C;AAC3C,6DAA+D;AAExD,MAAM,YAAY,GAAG,KAAK,IAAI,EAAE,CAAC,MAAM,cAAU,CAAC,IAAI,EAAE,CAAC;AAAnD,QAAA,YAAY,gBAAuC;AAEzD,MAAM,YAAY,GAAG,KAAK,EAAE,EAAS,EAAE,EAAE,CAAC,MAAM,cAAU,CAAC,QAAQ,CAAC,EAAE,CAAC,CAAC;AAAlE,QAAA,YAAY,gBAAsD;AAExE,MAAM,OAAO,GAAG,KAAK,EAAE,IAAS,EAAE,EAAE;IACvC,IAAG,IAAI,CAAC,KAAK;QAAE,YAAY,CAAC,IAAI,CAAC,KAAK,CAAC,CAAA;IACvC,OAAO,MAAM,cAAU,CAAC,MAAM,CAAC,IAAI,CAAC,CAAA;AAAA,CAAC,CAAA;AAF5B,QAAA,OAAO,WAEqB;AAElC,MAAM,cAAc,GAAG,KAAK,EAAE,EAAS,EAAC,IAAS,EAAE,EAAE,CAAC,MAAM,cAAU,CAAC,SAAS,CAAC,EAAC,GAAG,EAAC,EAAE,EAAC,EAAC,IAAI,EAAC,EAAC,GAAG,EAAC,IAAI,EAAC,CAAC,CAAA;AAApG,QAAA,cAAc,kBAAsF;AAE1G,MAAM,cAAc,GAAE,KAAK,EAAE,EAAS,EAAE,EAAE,CAAC,MAAM,cAAU,CAAC,SAAS,CAAC,EAAC,GAAG,EAAC,EAAE,EAAC,CAAC,CAAA;AAAzE,QAAA,cAAc,kBAA2D;AAEtF,MAAM,YAAY,GAAG,KAAK,EAAE,QAA2B,EAAG,EAAE;IAC3D,MAAM,KAAK,GAAG,gBAAY,CAAC,QAAQ,CAAC,QAAQ,CAAC,CAAC;IAC9C,IAAG,CAAC,KAAK,EAAC;QACT,MAAM,IAAI,gCAAiB,CAAC,sBAAsB,QAAQ,GAAG,CAAC,CAAC;KAC/D;AACF,CAAC,CAAA","sourcesContent":["import { ObjectId } from \"mongoose\";\nimport GoodSchema, { Good } from \"../models/good\";\nimport BidderSchema from \"../models/bidder\"\nimport { InvalidInputError } from \"../models/oth/customErrors\";\n\nexport const findAllGoods = async () => await GoodSchema.find();\n\nexport const findGoodById = async (id:string) => await GoodSchema.findById(id);\n\nexport const addGood = async (good:Good) =>{\n    if(good.buyer) bidderExiste(good.buyer)\n    return await GoodSchema.create(good)} \n\nexport const updateGoodById = async (id:string,good:Good) => await GoodSchema.updateOne({_id:id},good,{new:true})\n\nexport const deleteGoodById =async (id:string) => await GoodSchema.deleteOne({_id:id})\n\nconst bidderExiste = async (bidderId :string | ObjectId ) =>{\n\tconst buyer = BidderSchema.findById(bidderId);\n\tif(!buyer){\n\t\tthrow new InvalidInputError(`Bidder not found : ${bidderId} `);\n\t}\n}"]},"_coverageSchema":"1a1c01bbd47fc00a2c39e90264f33305004495a9","hash":"3e6bf8aeaceaba7251c591a8dd2155ce9c5a00e0","contentHash":"7e0f21ce71a9521ce9d62ba8c82005e39f3fde043b3b366cd6afba01801cb8ee"},"/Users/kainingxin/NodeJsWorkplace/auction/src/models/good.ts":{"path":"/Users/kainingxin/NodeJsWorkplace/auction/src/models/good.ts","statementMap":{"0":{"start":{"line":2,"column":0},"end":{"line":2,"column":62}},"1":{"start":{"line":3,"column":19},"end":{"line":3,"column":38}},"2":{"start":{"line":4,"column":19},"end":{"line":4,"column":46}},"3":{"start":{"line":5,"column":19},"end":{"line":13,"column":25}},"4":{"start":{"line":14,"column":0},"end":{"line":14,"column":60}}},"fnMap":{},"branchMap":{},"s":{"0":1,"1":1,"2":1,"3":1,"4":1},"f":{},"b":{},"inputSourceMap":{"version":3,"file":"/Users/kainingxin/NodeJsWorkplace/auction/src/models/good.ts","sources":["/Users/kainingxin/NodeJsWorkplace/auction/src/models/good.ts"],"names":[],"mappings":";;AAAA,uCAAyC;AACzC,+CAA4C;AAa5C,MAAM,UAAU,GAAG,IAAI,iBAAM,CAAC;IAC1B,QAAQ,EAAE,EAAE,IAAI,EAAE,MAAM,EAAE,QAAQ,EAAE,IAAI,EAAE;IAC1C,aAAa,EAAE,EAAE,IAAI,EAAE,MAAM,EAAE,QAAQ,EAAE,IAAI,EAAE;IAC/C,YAAY,EAAE,EAAE,IAAI,EAAE,MAAM,EAAE,QAAQ,EAAE,IAAI,EAAE;IAC9C,UAAU,EAAE,EAAE,IAAI,EAAE,MAAM,EAAE,QAAQ,EAAE,IAAI,EAAC,OAAO,EAAC,CAAC,EAAC;IACrD,QAAQ,EAAE,EAAE,IAAI,EAAE,MAAM,EAAE,QAAQ,EAAE,IAAI,EAAG,OAAO,EAAC,mBAAQ,CAAC,GAAG,EAAC;IAChE,MAAM,EAAE,EAAC,IAAI,EAAE,MAAM,EAAE,QAAQ,EAAE,KAAK,EAAC;IACvC,KAAK,EAAE,EAAC,IAAI,EAAE,iBAAM,CAAC,KAAK,CAAC,QAAQ,EAAG,GAAG,EAAE,QAAQ,EAAC;CACrD,EAAC,EAAC,UAAU,EAAC,KAAK,EAAC,CAAC,CAAC;AAExB,kBAAe,IAAA,gBAAK,EAAC,MAAM,EAAE,UAAU,CAAC,CAAA","sourcesContent":["import { model, Schema } from \"mongoose\";\nimport { Currency } from \"./enums/Currency\";\n\nexport interface Good{\n    _id?: Schema.Types.ObjectId | null,\n    goodName: string,\n    startingPrice: number,\n    reservePrice: number,\n    finalPrice: number,\n    currency: string,\n    status: string,\n    buyer: string | null\n}\n\nconst goodSchema = new Schema({\n    goodName: { type: String, required: true },\n    startingPrice: { type: Number, required: true },\n    reservePrice: { type: Number, required: true },\n    finalPrice: { type: Number, required: true,default:0},\n    currency: { type: String, required: true , default:Currency.USD},\n    status: {type: String, required: false},\n    buyer: {type: Schema.Types.ObjectId , ref: \"bidder\"}\n  },{versionKey:false});\n\nexport default model('good', goodSchema)"]},"_coverageSchema":"1a1c01bbd47fc00a2c39e90264f33305004495a9","hash":"313d6f0de6645bb5a314d3dcd0da965bc61e1916","contentHash":"1e4cea35572ceb813ccfc73107a20b4a67cdc26b59e2a36c9b93ff56009aa309"},"/Users/kainingxin/NodeJsWorkplace/auction/src/models/enums/Currency.ts":{"path":"/Users/kainingxin/NodeJsWorkplace/auction/src/models/enums/Currency.ts","statementMap":{"0":{"start":{"line":2,"column":0},"end":{"line":2,"column":62}},"1":{"start":{"line":3,"column":0},"end":{"line":3,"column":26}},"2":{"start":{"line":5,"column":0},"end":{"line":9,"column":59}},"3":{"start":{"line":6,"column":4},"end":{"line":6,"column":28}},"4":{"start":{"line":7,"column":4},"end":{"line":7,"column":28}},"5":{"start":{"line":8,"column":4},"end":{"line":8,"column":28}}},"fnMap":{"0":{"name":"(anonymous_0)","decl":{"start":{"line":5,"column":1},"end":{"line":5,"column":2}},"loc":{"start":{"line":5,"column":21},"end":{"line":9,"column":1}},"line":5}},"branchMap":{"0":{"loc":{"start":{"line":9,"column":14},"end":{"line":9,"column":57}},"type":"binary-expr","locations":[{"start":{"line":9,"column":14},"end":{"line":9,"column":30}},{"start":{"line":9,"column":35},"end":{"line":9,"column":56}}],"line":9}},"s":{"0":1,"1":1,"2":1,"3":1,"4":1,"5":1},"f":{"0":1},"b":{"0":[1,1]},"inputSourceMap":{"version":3,"file":"/Users/kainingxin/NodeJsWorkplace/auction/src/models/enums/Currency.ts","sources":["/Users/kainingxin/NodeJsWorkplace/auction/src/models/enums/Currency.ts"],"names":[],"mappings":";;;AAAA,IAAY,QAIX;AAJD,WAAY,QAAQ;IAChB,uBAAW,CAAA;IACX,uBAAW,CAAA;IACX,uBAAW,CAAA;AACf,CAAC,EAJW,QAAQ,GAAR,gBAAQ,KAAR,gBAAQ,QAInB","sourcesContent":["export enum Currency{\n    USD = \"USD\" ,\n    EUR = \"EUR\",\n    GBP = \"GBP\",\n}"]},"_coverageSchema":"1a1c01bbd47fc00a2c39e90264f33305004495a9","hash":"f9fb83061a1549e2f4eebddf9bf77288b770073b","contentHash":"0317d9b719bbd1ae8d2f32ab03e75a79282eda50c3653f0bd5c78a42fcdb6a63"},"/Users/kainingxin/NodeJsWorkplace/auction/src/models/bidder.ts":{"path":"/Users/kainingxin/NodeJsWorkplace/auction/src/models/bidder.ts","statementMap":{"0":{"start":{"line":2,"column":0},"end":{"line":2,"column":62}},"1":{"start":{"line":3,"column":19},"end":{"line":3,"column":38}},"2":{"start":{"line":4,"column":21},"end":{"line":11,"column":25}},"3":{"start":{"line":12,"column":0},"end":{"line":12,"column":64}}},"fnMap":{},"branchMap":{},"s":{"0":1,"1":1,"2":1,"3":1},"f":{},"b":{},"inputSourceMap":{"version":3,"file":"/Users/kainingxin/NodeJsWorkplace/auction/src/models/bidder.ts","sources":["/Users/kainingxin/NodeJsWorkplace/auction/src/models/bidder.ts"],"names":[],"mappings":";;AAAA,uCAAgD;AAYhD,MAAM,YAAY,GAAG,IAAI,iBAAM,CAAC;IAC5B,SAAS,EAAE,EAAE,IAAI,EAAE,MAAM,EAAE,QAAQ,EAAE,IAAI,EAAE;IAC3C,QAAQ,EAAE,EAAE,IAAI,EAAE,MAAM,EAAE,QAAQ,EAAE,IAAI,EAAE;IAC1C,KAAK,EAAE,EAAE,IAAI,EAAE,MAAM,EAAE,QAAQ,EAAE,IAAI,EAAE;IACvC,WAAW,EAAE,EAAE,IAAI,EAAE,IAAI,EAAE,QAAQ,EAAE,IAAI,EAAE;IAC3C,KAAK,EAAE,EAAE,IAAI,EAAE,MAAM,EAAE,QAAQ,EAAE,IAAI,EAAE;IACvC,QAAQ,EAAE,EAAC,IAAI,EAAE,MAAM,EAAE,QAAQ,EAAE,IAAI,EAAC;CACzC,EAAC,EAAC,UAAU,EAAC,KAAK,EAAC,CAAC,CAAC;AAExB,kBAAe,IAAA,gBAAK,EAAC,QAAQ,EAAE,YAAY,CAAC,CAAA","sourcesContent":["import { Schema, model, Types } from 'mongoose';\n\nexport interface Bidder{\n  _id: Schema.Types.ObjectId | null,\n  firstName:string,\n  lastName:string,\n  email:string,\n  dateOfBirth:string,\n  phone: string,\n  password: string\n}\n\nconst bidderSchema = new Schema({\n    firstName: { type: String, required: true },\n    lastName: { type: String, required: true },\n    email: { type: String, required: true },\n    dateOfBirth: { type: Date, required: true },\n    phone: { type: String, required: true },\n    password: {type: String, required: true}\n  },{versionKey:false});\n\nexport default model('bidder', bidderSchema)"]},"_coverageSchema":"1a1c01bbd47fc00a2c39e90264f33305004495a9","hash":"775e77113071d28be39e7aba684a40c02235e400","contentHash":"e59767663dcdb1a4d2f49cd1dd4ea045e992f7ff5e8c2f24ba2881635dca326b"},"/Users/kainingxin/NodeJsWorkplace/auction/src/models/oth/customErrors.ts":{"path":"/Users/kainingxin/NodeJsWorkplace/auction/src/models/oth/customErrors.ts","statementMap":{"0":{"start":{"line":2,"column":0},"end":{"line":2,"column":62}},"1":{"start":{"line":3,"column":0},"end":{"line":3,"column":173}},"2":{"start":{"line":6,"column":0},"end":{"line":6,"column":46}},"3":{"start":{"line":9,"column":8},"end":{"line":9,"column":39}},"4":{"start":{"line":12,"column":0},"end":{"line":12,"column":38}},"5":{"start":{"line":15,"column":0},"end":{"line":15,"column":50}},"6":{"start":{"line":18,"column":0},"end":{"line":18,"column":46}},"7":{"start":{"line":21,"column":0},"end":{"line":21,"column":46}},"8":{"start":{"line":24,"column":0},"end":{"line":24,"column":46}}},"fnMap":{"0":{"name":"(anonymous_0)","decl":{"start":{"line":8,"column":4},"end":{"line":8,"column":5}},"loc":{"start":{"line":8,"column":18},"end":{"line":10,"column":5}},"line":8}},"branchMap":{},"s":{"0":1,"1":1,"2":1,"3":0,"4":1,"5":1,"6":1,"7":1,"8":1},"f":{"0":0},"b":{},"inputSourceMap":{"version":3,"file":"/Users/kainingxin/NodeJsWorkplace/auction/src/models/oth/customErrors.ts","sources":["/Users/kainingxin/NodeJsWorkplace/auction/src/models/oth/customErrors.ts"],"names":[],"mappings":";;;AAAA,MAAa,iBAAkB,SAAQ,KAAK;CAAG;AAA/C,8CAA+C;AAE/C,MAAa,aAAc,SAAQ,iBAAiB;IAClD;QACE,KAAK,CAAC,uBAAuB,CAAC,CAAA;IAChC,CAAC;CACF;AAJD,sCAIC;AAED,MAAa,mBAAoB,SAAQ,KAAK;CAAE;AAAhD,kDAAgD;AAEhD,MAAa,iBAAkB,SAAQ,KAAK;CAAE;AAA9C,8CAA8C;AAE9C,MAAa,iBAAkB,SAAQ,KAAK;CAAE;AAA9C,8CAA8C;AAE9C,MAAa,iBAAkB,SAAQ,KAAK;CAAE;AAA9C,8CAA8C;AAAA,CAAC","sourcesContent":["export class UnauthorizedError extends Error {}\n\nexport class UnloggedError extends UnauthorizedError {\n  constructor() {\n    super('You are not logged in')\n  }\n}\n\nexport class EntityNotFoundError extends Error{}\n\nexport class TokenInvalidError extends Error{}\n\nexport class InvalidInputError extends Error{}\n\nexport class InvalidPriceError extends Error{};"]},"_coverageSchema":"1a1c01bbd47fc00a2c39e90264f33305004495a9","hash":"15b2c076d212714fab4ce15b08d29358fa142163","contentHash":"0b1c34cdb367faa28d8e2e25eecbdd41cffd919b2fb1eff17c8235e698ce3ada"},"/Users/kainingxin/NodeJsWorkplace/auction/src/services/auths.ts":{"path":"/Users/kainingxin/NodeJsWorkplace/auction/src/services/auths.ts","statementMap":{"0":{"start":{"line":2,"column":0},"end":{"line":2,"column":62}},"1":{"start":{"line":3,"column":0},"end":{"line":3,"column":65}},"2":{"start":{"line":4,"column":18},"end":{"line":4,"column":43}},"3":{"start":{"line":5,"column":23},"end":{"line":5,"column":60}},"4":{"start":{"line":7,"column":29},"end":{"line":21,"column":1}},"5":{"start":{"line":8,"column":18},"end":{"line":8,"column":51}},"6":{"start":{"line":9,"column":4},"end":{"line":11,"column":5}},"7":{"start":{"line":10,"column":8},"end":{"line":10,"column":75}},"8":{"start":{"line":12,"column":4},"end":{"line":20,"column":7}},"9":{"start":{"line":13,"column":8},"end":{"line":13,"column":29}},"10":{"start":{"line":14,"column":8},"end":{"line":19,"column":9}},"11":{"start":{"line":15,"column":12},"end":{"line":15,"column":74}},"12":{"start":{"line":18,"column":12},"end":{"line":18,"column":19}},"13":{"start":{"line":22,"column":0},"end":{"line":22,"column":52}},"14":{"start":{"line":24,"column":25},"end":{"line":37,"column":1}},"15":{"start":{"line":25,"column":18},"end":{"line":25,"column":51}},"16":{"start":{"line":26,"column":4},"end":{"line":28,"column":5}},"17":{"start":{"line":27,"column":8},"end":{"line":27,"column":75}},"18":{"start":{"line":29,"column":4},"end":{"line":36,"column":7}},"19":{"start":{"line":30,"column":8},"end":{"line":35,"column":9}},"20":{"start":{"line":31,"column":12},"end":{"line":31,"column":74}},"21":{"start":{"line":34,"column":12},"end":{"line":34,"column":19}},"22":{"start":{"line":38,"column":0},"end":{"line":38,"column":44}}},"fnMap":{"0":{"name":"(anonymous_0)","decl":{"start":{"line":7,"column":29},"end":{"line":7,"column":30}},"loc":{"start":{"line":7,"column":55},"end":{"line":21,"column":1}},"line":7},"1":{"name":"(anonymous_1)","decl":{"start":{"line":12,"column":36},"end":{"line":12,"column":37}},"loc":{"start":{"line":12,"column":56},"end":{"line":20,"column":5}},"line":12},"2":{"name":"(anonymous_2)","decl":{"start":{"line":24,"column":25},"end":{"line":24,"column":26}},"loc":{"start":{"line":24,"column":51},"end":{"line":37,"column":1}},"line":24},"3":{"name":"(anonymous_3)","decl":{"start":{"line":29,"column":36},"end":{"line":29,"column":37}},"loc":{"start":{"line":29,"column":56},"end":{"line":36,"column":5}},"line":29}},"branchMap":{"0":{"loc":{"start":{"line":9,"column":4},"end":{"line":11,"column":5}},"type":"if","locations":[{"start":{"line":9,"column":4},"end":{"line":11,"column":5}},{"start":{"line":9,"column":4},"end":{"line":11,"column":5}}],"line":9},"1":{"loc":{"start":{"line":14,"column":8},"end":{"line":19,"column":9}},"type":"if","locations":[{"start":{"line":14,"column":8},"end":{"line":19,"column":9}},{"start":{"line":14,"column":8},"end":{"line":19,"column":9}}],"line":14},"2":{"loc":{"start":{"line":14,"column":12},"end":{"line":14,"column":67}},"type":"binary-expr","locations":[{"start":{"line":14,"column":12},"end":{"line":14,"column":17}},{"start":{"line":14,"column":21},"end":{"line":14,"column":34}},{"start":{"line":14,"column":38},"end":{"line":14,"column":67}}],"line":14},"3":{"loc":{"start":{"line":26,"column":4},"end":{"line":28,"column":5}},"type":"if","locations":[{"start":{"line":26,"column":4},"end":{"line":28,"column":5}},{"start":{"line":26,"column":4},"end":{"line":28,"column":5}}],"line":26},"4":{"loc":{"start":{"line":30,"column":8},"end":{"line":35,"column":9}},"type":"if","locations":[{"start":{"line":30,"column":8},"end":{"line":35,"column":9}},{"start":{"line":30,"column":8},"end":{"line":35,"column":9}}],"line":30},"5":{"loc":{"start":{"line":30,"column":12},"end":{"line":30,"column":63}},"type":"binary-expr","locations":[{"start":{"line":30,"column":12},"end":{"line":30,"column":17}},{"start":{"line":30,"column":21},"end":{"line":30,"column":34}},{"start":{"line":30,"column":38},"end":{"line":30,"column":63}}],"line":30}},"s":{"0":1,"1":1,"2":1,"3":1,"4":1,"5":0,"6":0,"7":0,"8":0,"9":0,"10":0,"11":0,"12":0,"13":1,"14":1,"15":1,"16":1,"17":0,"18":1,"19":1,"20":0,"21":1,"22":1},"f":{"0":0,"1":0,"2":1,"3":1},"b":{"0":[0,0],"1":[0,0],"2":[0,0,0],"3":[0,1],"4":[0,1],"5":[1,1,1]},"inputSourceMap":{"version":3,"file":"/Users/kainingxin/NodeJsWorkplace/auction/src/services/auths.ts","sources":["/Users/kainingxin/NodeJsWorkplace/auction/src/services/auths.ts"],"names":[],"mappings":";;;AACA,4CAAqC;AACrC,6DAA+D;AAG/D,gCAAgC;AACzB,MAAM,oBAAoB,GAAG,CAAC,OAAuB,EAAE,KA
[...]
},"f":{"0":0,"1":0,"2":0,"3":0,"4":0,"5":1,"6":1,"7":1,"8":1},"b":{"0":[1,1,1],"1":[1,0],"2":[0,0],"3":[0,0],"4":[1,1,1],"5":[1,0],"6":[1,1,1],"7":[1,0],"8":[1,1],"9":[0,0],"10":[0,0],"11":[0,0]},"inputSourceMap":{"version":3,"file":"/Users/kainingxin/NodeJsWorkplace/auction/src/test/biddingContollerSpec.ts","sources":["/Users/kainingxin/NodeJsWorkplace/auction/src/test/biddingContollerSpec.ts"],"names":[],"mappings":";;;;;;;;;;;;;;;;;;;;;AAAA,4CAAkD;AAElD,+BAA8B;AAC9B,sEAAuD;AAEvD,QAAQ,CAAC,yBAAyB,EAAG,GAAG,EAAE;IAGtC,EAAE,CAAC,kEAAkE,EAAC,KAAK,IAAG,EAAE;QAC5E,MAAM,KAAK,GAAG,MAAM,aAAG,CAAC,GAAG,CAAC,IAAI,CAAC,EAAE,IAAI,EAAC,QAAQ,EAAC,QAAQ,EAAC,0BAA0B,EAAC,KAAK,EAAC,gBAAgB,EAAE,EAAE;YAC3G,SAAS,EAAE,KAAK,CAAC,WAAW;SAC/B,CAAC,CAAC;QACH,MAAM,IAAI,GAAG,MAAM,WAAW,CAAC,YAAY,CAAC,0BAA0B,CAAC,CAAA;QACvE,MAAM,aAAG,CAAC,MAAM,CAAC;YACb,MAAM,EAAE,MAAM;YACd,GAAG,EAAE,8EAA+E,IAAI,CAAC,UAAU,GAAG,CAAC,EAAE;YACzG,OAAO,EAAE,EAAC,eAAe,EAAC,KAAK,EAAC;SACnC,CAAC,CAAC,IAAI,CAAC,GAAG,CAAC,EAAE;YACV,aAAM,CAAC,KAAK,CAAC,GAAG,CAAC,UAAU,EAAC,GAAG,CAAC,CAAA;QACpC,CAAC,CAAC,CAAA;IACN,CAAC,CAAC,CAAA;AAEN,CAAC,CAAC,CAAA","sourcesContent":["import { startFastify,app } from \"../lib/fastify\";\nimport {dataBaseConnect} from \"./helper\"\nimport { assert } from \"chai\";\nimport * as goodService from \"../services/goodsService\"\n\ndescribe(\"test bidddingController\",  () => {\n    \n\n    it(\"when offer price then the price of good return response code 200\",async ()=>{\n        const token = await app.jwt.sign({ role:'bidder',bidderId:\"61f01f3c9268d92b2cd1a3fd\",email:\"tomz@gmail.com\" }, {\n            expiresIn: 86400 // 24 hours\n        });\n        const good = await goodService.findGoodById(\"61d3559d5d27849028b497c1\")\n        await app.inject({\n            method: 'POST',\n            url: `/v1/bidding/auction/622cc7332b19ff745c9d36bc/good/61d3559d5d27849028b497c1/${ good.finalPrice + 1}`,\n            headers: {'Authorization':token}\n        }).then(rep => {\n            assert.equal(rep.statusCode,200)\n        })\n    })\n\n})\n"]},"_coverageSchema":"1a1c01bbd47fc00a2c39e90264f33305004495a9","hash":"c3157d0373d60a09f2b8811c83c3fba8149abebb","contentHash":"e7b54e07c08e7be33fb3054b2b9ffba3234850bdcc373ba0e74538ec775552dd"},"/Users/kainingxin/NodeJsWorkplace/auction/src/test/goodControllerSpec.ts":{"path":"/Users/kainingxin/NodeJsWorkplace/auction/src/test/goodControllerSpec.ts","statementMap":{"0":{"start":{"line":2,"column":0},"end":{"line":2,"column":62}},"1":{"start":{"line":3,"column":18},"end":{"line":3,"column":43}},"2":{"start":{"line":4,"column":15},"end":{"line":4,"column":30}},"3":{"start":{"line":5,"column":0},"end":{"line":23,"column":3}},"4":{"start":{"line":6,"column":15},"end":{"line":6,"column":41}},"5":{"start":{"line":7,"column":4},"end":{"line":14,"column":7}},"6":{"start":{"line":8,"column":8},"end":{"line":13,"column":11}},"7":{"start":{"line":12,"column":12},"end":{"line":12,"column":53}},"8":{"start":{"line":15,"column":4},"end":{"line":22,"column":7}},"9":{"start":{"line":16,"column":8},"end":{"line":21,"column":11}},"10":{"start":{"line":20,"column":12},"end":{"line":20,"column":53}}},"fnMap":{"0":{"name":"(anonymous_0)","decl":{"start":{"line":5,"column":32},"end":{"line":5,"column":33}},"loc":{"start":{"line":5,"column":44},"end":{"line":23,"column":1}},"line":5},"1":{"name":"(anonymous_1)","decl":{"start":{"line":7,"column":46},"end":{"line":7,"column":47}},"loc":{"start":{"line":7,"column":58},"end":{"line":14,"column":5}},"line":7},"2":{"name":"(anonymous_2)","decl":{"start":{"line":11,"column":16},"end":{"line":11,"column":17}},"loc":{"start":{"line":11,"column":23},"end":{"line":13,"column":9}},"line":11},"3":{"name":"(anonymous_3)","decl":{"start":{"line":15,"column":46},"end":{"line":15,"column":47}},"loc":{"start":{"line":15,"column":58},"end":{"line":22,"column":5}},"line":15},"4":{"name":"(anonymous_4)","decl":{"start":{"line":19,"column":16},"end":{"line":19,"column":17}},"loc":{"start":{"line":19,"column":23},"end":{"line":21,"column":9}},"line":19}},"branchMap":{},"s":{"0":1,"1":1,"2":1,"3":1,"4":1,"5":1,"6":1,"7":1,"8":1,"9":1,"10":1},"f":{"0":1,"1":1,"2":1,"3":1,"4":1},"b":{},"inputSourceMap":{"version":3,"file":"/Users/kainingxin/NodeJsWorkplace/auction/src/test/goodControllerSpec.ts","sources":["/Users/kainingxin/NodeJsWorkplace/auction/src/test/goodControllerSpec.ts"],"names":[],"mappings":";;AAAA,4CAAmD;AACnD,+BAA8B;AAK9B,QAAQ,CAAC,qBAAqB,EAAG,KAAK,IAAI,EAAE;IAIxC,MAAM,EAAE,GAAG,0BAA0B,CAAC;IAItC,EAAE,CAAC,qCAAqC,EAAC,KAAK,IAAG,EAAE;QAC/C,MAAM,aAAG,CAAC,MAAM,CAAC;YACb,MAAM,EAAE,KAAK;YACb,GAAG,EAAE,WAAW;SACnB,CAAC,CAAC,IAAI,CAAC,GAAG,CAAC,EAAE;YACV,aAAM,CAAC,KAAK,CAAC,GAAG,CAAC,UAAU,EAAC,GAAG,CAAC,CAAA;QACpC,CAAC,CAAC,CAAA;IACN,CAAC,CAAC,CAAA;IAEF,EAAE,CAAC,qCAAqC,EAAC,KAAK,IAAG,EAAE;QAC/C,MAAM,aAAG,CAAC,MAAM,CAAC;YACb,MAAM,EAAE,KAAK;YACb,GAAG,EAAE,aAAa,EAAE,EAAE;SACzB,CAAC,CAAC,IAAI,CAAC,GAAG,CAAC,EAAE;YACV,aAAM,CAAC,KAAK,CAAC,GAAG,CAAC,UAAU,EAAC,GAAG,CAAC,CAAA;QACpC,CAAC,CAAC,CAAA;IACN,CAAC,CAAC,CAAA;AAMN,CAAC,CAAC,CAAA","sourcesContent":["import { app, startFastify } from \"../lib/fastify\";\nimport { assert } from \"chai\";\nimport { Good } from \"../models/good\";\nimport { Schema } from \"mongoose\";\nimport { dataBaseConnect } from \"./helper\";\n\ndescribe(\"test goodController\",  async () => {\n   \n\n\n    const id = \"61d3559d5d27849028b497c1\";\n\n   \n \n    it(\"when findAllGoods should return 200\",async ()=>{\n        await app.inject({\n            method: 'GET',\n            url: `/v1/goods`\n        }).then(rep => {\n            assert.equal(rep.statusCode,200)\n        })\n    })\n     \n    it(\"when findGoodById should return 200\",async ()=>{\n        await app.inject({\n            method: 'GET',\n            url: `/v1/goods/${id}`\n        }).then(rep => {\n            assert.equal(rep.statusCode,200)\n        })\n    })\n\n\n\n  \n\n})\n"]},"_coverageSchema":"1a1c01bbd47fc00a2c39e90264f33305004495a9","hash":"a51bfdf8992185418dbdff856096e824902c4e31","contentHash":"b249f1289d663a8ab5e37001b517178e11b5524add39d5277035208b05f81e22"},"/Users/kainingxin/NodeJsWorkplace/auction/src/test/goodServiceSpec.ts":{"path":"/Users/kainingxin/NodeJsWorkplace/auction/src/test/goodServiceSpec.ts","statementMap":{"0":{"start":{"line":2,"column":22},"end":{"line":8,"column":3}},"1":{"start":{"line":3,"column":4},"end":{"line":3,"column":33}},"2":{"start":{"line":3,"column":26},"end":{"line":3,"column":33}},"3":{"start":{"line":4,"column":4},"end":{"line":4,"column":89}},"4":{"start":{"line":4,"column":71},"end":{"line":4,"column":83}},"5":{"start":{"line":6,"column":4},"end":{"line":6,"column":33}},"6":{"start":{"line":6,"column":26},"end":{"line":6,"column":33}},"7":{"start":{"line":7,"column":4},"end":{"line":7,"column":17}},"8":{"start":{"line":9,"column":25},"end":{"line":13,"column":2}},"9":{"start":{"line":10,"column":4},"end":{"line":10,"column":72}},"10":{"start":{"line":12,"column":4},"end":{"line":12,"column":21}},"11":{"start":{"line":14,"column":19},"end":{"line":20,"column":1}},"12":{"start":{"line":15,"column":4},"end":{"line":15,"column":42}},"13":{"start":{"line":15,"column":31},"end":{"line":15,"column":42}},"14":{"start":{"line":16,"column":17},"end":{"line":16,"column":19}},"15":{"start":{"line":17,"column":4},"end":{"line":17,"column":141}},"16":{"start":{"line":17,"column":21},"end":{"line":17,"column":141}},"17":{"start":{"line":17,"column":40},"end":{"line":17,"column":141}},"18":{"start":{"line":17,"column":109},"end":{"line":17,"column":141}},"19":{"start":{"line":18,"column":4},"end":{"line":18,"column":36}},"20":{"start":{"line":19,"column":4},"end":{"line":19,"column":18}},"21":{"start":{"line":21,"column":0},"end":{"line":21,"column":62}},"22":{"start":{"line":22,"column":19},"end":{"line":22,"column":38}},"23":{"start":{"line":23,"column":20},"end":{"line":23,"column":69}},"24":{"start":{"line":24,"column":15},"end":{"line":24,"column":30}},"25":{"start":{"line":25,"column":17},"end":{"line":25,"column":36}},"26":{"start":{"line":26,"column":0},"end":{"line":60,"column":3}},"27":{"start":{"line":27,"column":4},"end":{"line":29,"column":7}},"28":{"start":{"line":28,"column":8},"end":{"line":28,"column":40}},"29":{"start":{"line":30,"column":17},"end":{"line":39,"column":5}},"30":{"start":{"line":40,"column":15},"end":{"line":40,"column":41}},"31":{"start":{"line":41,"column":4},"end":{"line":45,"column":7}},"32":{"start":{"line":42,"column":8},"end":{"line":44,"column":11}},"33":{"start":{"line":43,"column":12},"end":{"line":43,"column":49}},"34":{"start":{"line":46,"column":4},"end":{"line":48,"column":7}},"35":{"start":{"line":47,"column":8},"end":{"line":47,"column":87}},"36":{"start":{"line":47,"column":51},"end":{"line":47,"column":85}},"37":{"start":{"line":49,"column":4},"end":{"line":52,"column":7}},"38":{"start":{"line":50,"column":8},"end":{"line":50,"column":43}},"39":{"start":{"line":51,"column":8},"end":{"line":51,"column":104}},"40":{"start":{"line":51,"column":59},"end":{"line":51,"column":102}},"41":{"start":{"line":53,"column":4},"end":{"line":55,"column":7}},"42":{"start":{"line":54,"column":8},"end":{"line":54,"column":97}},"43":{"start":{"line":54,"column":53},"end":{"line":54,"column":95}},"44":{"start":{"line":56,"column":4},"end":{"line":59,"column":7}},"45":{"start":{"line":57,"column":8},"end":{"line":57,"column":60}},"46":{"start":{"line":58,"column":8},"end":{"line":58,"column":93}},"47":{"start":{"line":58,"column":48},"end":{"line":58,"column":91}}},"fnMap":{"0":{"name":"(anonymous_0)","decl":{"start":{"line":2,"column":74},"end":{"line":2,"column":75}},"loc":{"start":{"line":2,"column":96},"end":{"line":5,"column":1}},"line":2},"1":{"name":"(anonymous_1)","decl":{"start":{"line":4,"column":58},"end":{"line":4,"column":59}},"loc":{"start":{"line":4,"column":69},"end":{"line":4,"column":85}},"line":4},"2":{"name":"(anonymous_2)","decl":{"start":{"line":5,"column":6},"end":{"line":5,"column":7}},"loc":{"start":{"line":5,"column":28},"end":{"line":8,"column":1}},"line":5},"3":{"name":"(anonymous_3)","decl":{"start":{"line":9,"column":80},"end":{"line":9,"column":81}},"loc":{"start":{"line":9,"column":95},"end":{"line":11,"column":1}},"line":9},"4":{"name":"(anonymous_4)","decl":{"start":{"line":11,"column":5},"end":{"line":11,"column":6}},"loc":{"start":{"line":11,"column":20},"end":{"line":13,"column":1}},"line":11},"5":{"name":"(anonymous_5)","decl":{"start":{"line":14,"column":50},"end":{"line":14,"column":51}},"loc":{"start":{"line":14,"column":65},"end":{"line":20,"column":1}},"line":14},"6":{"name":"(anonymous_6)","decl":{"start":{"line":26,"column":29},"end":{"line":26,"column":30}},"loc":{"start":{"line":26,"column":35},"end":{"line":60,"column":1}},"line":26},"7":{"name":"(anonymous_7)","decl":{"start":{"line":27,"column":11},"end":{"line":27,"column":12}},"loc":{"start":{"line":27,"column":23},"end":{"line":29,"column":5}},"line":27},"8":{"name":"(anonymous_8)","decl":{"start":{"line":41,"column":50},"end":{"line":41,"column":51}},"loc":{"start":{"line":41,"column":62},"end":{"line":45,"column":5}},"line":41},"9":{"name":"(anonymous_9)","decl":{"start":{"line":42,"column":40},"end":{"line":42,"column":41}},"loc":{"start":{"line":42,"column":49},"end":{"line":44,"column":9}},"line":42},"10":{"name":"(anonymous_10)","decl":{"start":{"line":46,"column":82},"end":{"line":46,"column":83}},"loc":{"start":{"line":46,"column":94},"end":{"line":48,"column":5}},"line":46},"11":{"name":"(anonymous_11)","decl":{"start":{"line":47,"column":42},"end":{"line":47,"column":43}},"loc":{"start":{"line":47,"column":51},"end":{"line":47,"column":85}},"line":47},"12":{"name":"(anonymous_12)","decl":{"start":{"line":49,"column":51},"end":{"line":49,"column":52}},"loc":{"start":{"line":49,"column":63},"end":{"line":52,"column":5}},"line":49},"13":{"name":"(anonymous_13)","decl":{"start":{"line":51,"column":50},"end":{"line":51,"column":51}},"loc":{"start":{"line":51,"column":59},"end":{"line":51,"column":102}},"line":51},"14":{"name":"(anonymous_14)","decl":{"start":{"line":53,"column":51},"end":{"line":53,"column":52}},"loc":{"start":{"line":53,"column":63},"end":{"line":55,"column":5}},"line":53},"15":{"name":"(anonymous_15)","decl":{"start":{"line":54,"column":44},"end":{"line":54,"column":45}},"loc":{"start":{"line":54,"column":53},"end":{"line":54,"column":95}},"line":54},"16":{"name":"(anonymous_16)","decl":{"start":{"line":56,"column":44},"end":{"line":56,"column":45}},"loc":{"start":{"line":56,"column":56},"end":{"line":59,"column":5}},"line":56},"17":{"name":"(anonymous_17)","decl":{"start":{"line":58,"column":39},"end":{"line":58,"column":40}},"loc":{"start":{"line":58,"column":48},"end":{"line":58,"column":91}},"line":58}},"branchMap":{"0":{"loc":{"start":{"line":2,"column":22},"end":{"line":8,"column":3}},"type":"binary-expr","locations":[{"start":{"line":2,"column":23},"end":{"line":2,"column":27}},{"start":{"line":2,"column":31},"end":{"line":2,"column":51}},{"start":{"line":2,"column":57},"end":{"line":8,"column":2}}],"line":2},"1":{"loc":{"start":{"line":2,"column":57},"end":{"line":8,"column":2}},"type":"cond-expr","locations":[{"start":{"line":2,"column":74},"end":{"line":5,"column":1}},{"start":{"line":5,"column":6},"end":{"line":8,"column":1}}],"line":2},"2":{"loc":{"start":{"line":3,"column":4},"end":{"line":3,"column":33}},"type":"if","locations":[{"start":{"line":3,"column":4},"end":{"line":3,"column":33}},{"start":{"line":3,"column":4},"end":{"line":3,"column":33}}],"line":3},"3":{"loc":{"start":{"line":6,"column":4},"end":{"line":6,"column":33}},"type":"if","locations":[{"start":{"line":6,"column":4},"end":{"line":6,"column":33}},{"start":{"line":6,"column":4},"end":{"line":6,"column":33}}],"line":6},"4":{"loc":{"start":{"line":9,"column":25},"end":{"line":13,"column":2}},"type":"binary-expr","locations":[{"start":{"line":9,"column":26},"end":{"line":9,"column":30}},{"start":{"line":9,"column":34},"end":{"line":9,"column":57}},{"start":{"line":9,"column":63},"end":{"line":13,"column":1}}],"line":9},"5":{"loc":{"start":{"line":9,"column":63},"end":{"line":13,"column":1}},"type":"cond-expr","locations":[{"start":{"line":9,"column":80},"end":{"line":11,"column":1}},{"start":{"line":11,"column":5},"end":{"line":13,"column":1}}],"line":9},"6":{"loc":{"start":{"line":14,"column":19},"end":{"line":20,"column":1}},"type":"binary-expr","locations":[{"start":{"line":14,"column":20},"end":{"line":14,"column":24}},{"start":{"line":14,"column":28},"end":{"line":14,"column":45}},{"start":{"line":14,"column":50},"end":{"line":20,"column":1}}],"line":14},"7":{"loc":{"start":{"line":15,"column":4},"end":{"line":15,"column":42}},"type":"if","locations":[{"start":{"line":15,"column":4},"end":{"line":15,"column":42}},{"start":{"line":15,"column":4},"end":{"line":15,"column":42}}],"line":15},"8":{"loc":{"start":{"line":15,"column":8},"end":{"line":15,"column":29}},"type":"binary-expr","locations":[{"start":{"line":15,"column":8},"end":{"line":15,"column":11}},{"start":{"line":15,"column":15},"end":{"line":15,"column":29}}],"line":15},"9":{"loc":{"start":{"line":17,"column":4},"end":{"line":17,"column":141}},"type":"if","locations":[{"start":{"line":17,"column":4},"end":{"line":17,"column":141}},{"start":{"line":17,"column":4},"end":{"line":17,"column":141}}],"line":17},"10":{"loc":{"start":{"line":17,"column":40},"end":{"line":17,"column":141}},"type":"if","locations":[{"start":{"line":17,"column":40},"end":{"line":17,"column":141}},{"start":{"line":17,"column":40},"end":{"line":17,"column":141}}],"line":17},"11":{"loc":{"start":{"line":17,"column":44},"end":{"line":17,"column":107}},"type":"binary-expr","locations":[{"start":{"line":17,"column":44},"end":{"line":17,"column":59}},{"start":{"line":17,"column":63},"end":{"line":17,"column":107}}],"line":17}},"s":{"0":1,"1":0,"2":0,"3":0,"4":0,"5":0,"6":0,"7":0,"8":1,"9":0,"10":0,"11":1,"12":1,"13":1,"14":0,"15":0,"16":0,"17":0,"18":0,"19":0,"20":0,"21":1,"22":1,"23":1,"24":1,"25":1,"26":1,"27":1,"28":1,"29":1,"30":1,"31":1,"32":1,"33":1,"34":1,"35":1,"36":1,"37":1,"38":1,"39":1,"40":1,"41":1,"42":1,"43":1,"44":1,"45":1,"46":1,"47":0},"f":{"0":0,"1":0,"2":0,"3":0,"4":0,"5":1,"6":1,"7":1,"8":1,"9":1,"10":1,"11":1,"12":1,"13":1,"14":1,"15":1,"16":1,"17":0},"b":{"0":[1,1,1],"1":[1,0],"2":[0,0],"3":[0,0],"4":[1,1,1],"5":[1,0],"6":[1,1,1],"7":[1,0],"8":[1,1],"9":[0,0],"10":[0,0],"11":[0,0]},"inputSourceMap":{"version":3,"file":"/Users/kainingxin/NodeJsWorkplace/auction/src/test/goodServiceSpec.ts","sources":["/Users/kainingxin/NodeJsWorkplace/auction/src/test/goodServiceSpec.ts"],"names":[],"mappings":";;;;;;;;;;;;;;;;;;;;;AAAA,uCAAkC;AAElC,sEAAuD;AACvD,+BAA8B;AAC9B,qCAA2C;AAE3C,QAAQ,CAAC,kBAAkB,EAAE,GAAG,EAAE;IAC9B,MAAM,CAAC;QACH,IAAA,wBAAe,GAAE,CAAA;IACrB,CAAC,CAAC,CAAA;IAEF,MAAM,IAAI,GAAQ;QACd,UAAU,EAAE,UAAU;QACtB,eAAe,EAAE,KAAK;QACtB,cAAc,EAAE,KAAK;QACrB,YAAY,EAAE,CAAC;QACf,UAAU,EAAE,KAAK;QACjB,QAAQ,EAAE,WAAW;QACrB,OAAO,EAAE,IAAI;QACb,GAAG,EAAE,IAAI;KACZ,CAAA;IACD,MAAM,EAAE,GAAG,0BAA0B,CAAC;IACtC,EAAE,CAAC,yCAAyC,EAAC,KAAK,IAAI,EAAE;QACrD,WAAW,CAAC,YAAY,EAAE,CAAC,IAAI,CAAC,KAAK,CAAC,EAAE;YACpC,aAAM,CAAC,KAAK,CAAC,KAAK,CAAC,MAAM,EAAC,CAAC,CAAC,CAAA;QAChC,CAAC,CAAC,CAAA;IACL,CAAC,CAAC,CAAA;IAEF,EAAE,CAAC,yEAAyE,EAAC,KAAK,IAAI,EAAE;QACpF,WAAW,CAAC,YAAY,CAAC,EAAE,CAAC,CAAC,IAAI,CAAC,KAAK,CAAC,EAAE,CAAC,aAAM,CAAC,KAAK,CAAC,KAAK,CAAC,GAAG,EAAC,EAAE,CAAC,CAAC,CAAA;IAC1E,CAAC,CAAC,CAAA;IAEF,EAAE,CAAC,0CAA0C,EAAC,KAAK,IAAI,EAAE;QACrD,IAAI,CAAC,aAAa,GAAG,IAAI,CAAC,MAAM,EAAE,CAAA;QAClC,WAAW,CAAC,cAAc,CAAC,EAAE,EAAC,IAAI,CAAC,CAAC,IAAI,CAAC,KAAK,CAAC,EAAE,CAAC,aAAM,CAAC,KAAK,CAAC,KAAK,CAAC,aAAa,EAAC,CAAC,CAAC,CAAC,CAAA;IAC1F,CAAC,CAAC,CAAA;IAEF,EAAE,CAAC,0CAA0C,EAAC,KAAK,IAAI,EAAE;QAErD,WAAW,CAAC,cAAc,CAAC,EAAE,CAAC,CAAC,IAAI,CAAC,KAAK,CAAC,EAAE,CAAC,aAAM,CAAC,KAAK,CAAC,KAAK,CAAC,YAAY,EAAC,CAAC,CAAC,CAAC,CAAA;IACpF,CAAC,CAAC,CAAA;IAEF,EAAE,CAAC,mCAAmC,EAAC,KAAK,IAAI,EAAE;QAC9C,IAAI,CAAC,GAAG,GAAG,IAAI,iBAAM,CAAC,KAAK,CAAC,QAAQ,CAAC,EAAE,CAAC,CAAA;QACxC,WAAW,CAAC,OAAO,CAAC,IAAI,CAAC,CAAC,IAAI,CAAC,KAAK,CAAC,EAAE,CAAC,aAAM,CAAC,KAAK,CAAC,KAAK,CAAC,aAAa,EAAC,CAAC,CAAC,CAAC,CAAA;IAChF,CAAC,CAAC,CAAA;AACN,CAAC,CAAC,CAAC","sourcesContent":["import { Schema } from \"mongoose\";\nimport { Good } from \"../models/good\";\nimport * as goodService from \"../services/goodsService\"\nimport { assert } from \"chai\";\nimport { dataBaseConnect } from \"./helper\";\n\ndescribe(\"goodService test\", () => {\n    before(function(){\n        dataBaseConnect()\n    })\n\n    const good:Good = {\n        \"goodName\": \"Bmw E530\",\n        \"startingPrice\": 40000,\n        \"reservePrice\": 40000,\n        \"finalPrice\": 0,\n        \"currency\": \"USD\",\n        \"status\": \"available\",\n        \"buyer\": null,\n        _id: null\n    }\n    const id = \"61d352425d27849028b497bf\";\n    it('when findAllGoods should return 2 items',async () => {\n       goodService.findAllGoods().then(value => {\n           assert.equal(value.length,2)\n       })\n    })\n\n    it('when findGoodById with id 61d352425d27849028b497bf should return 1 item',async () => {\n        goodService.findGoodById(id).then(value => assert.equal(value._id,id))\n    })\n    \n    it('when updateGoodById should return 1 item',async () => {\n        good.startingPrice = Math.random()\n        goodService.updateGoodById(id,good).then(value => assert.equal(value.modifiedCount,1))\n    })\n\n    it('when deleteGoodById should return 1 item',async () => {\n\n        goodService.deleteGoodById(id).then(value => assert.equal(value.deletedCount,1))\n    })\n\n    it('when addGood should return 1 item',async () => {\n        good._id = new Schema.Types.ObjectId(id)\n        goodService.addGood(good).then(value => assert.equal(value.modifiedCount,1))\n    })\n});"]},"_coverageSchema":"1a1c01bbd47fc00a2c39e90264f33305004495a9","hash":"27f78d75c3ad983dd1e948a5f8a28eb847d4f10b","contentHash":"50f4e79cabdc42cbae287191e3bf59cb9c53023b1da33f4dc058939621db5197"}}